[0.132s] Invoking command in '/home/ubuntu/ros2_ws/src/pumpkin_bot_description/build/pumpkin_bot_description': CMAKE_PREFIX_PATH=${CMAKE_PREFIX_PATH}:/home/ubuntu/ros2_ws/install/pumpkin_py_pkg:/home/ubuntu/ros2_ws/install/my_py_pkg:/opt/ros/foxy /usr/bin/cmake --build /home/ubuntu/ros2_ws/src/pumpkin_bot_description/build/pumpkin_bot_description -- -j4 -l4
[0.357s] Invoked command in '/home/ubuntu/ros2_ws/src/pumpkin_bot_description/build/pumpkin_bot_description' returned '0': CMAKE_PREFIX_PATH=${CMAKE_PREFIX_PATH}:/home/ubuntu/ros2_ws/install/pumpkin_py_pkg:/home/ubuntu/ros2_ws/install/my_py_pkg:/opt/ros/foxy /usr/bin/cmake --build /home/ubuntu/ros2_ws/src/pumpkin_bot_description/build/pumpkin_bot_description -- -j4 -l4
[0.549s] Invoking command in '/home/ubuntu/ros2_ws/src/pumpkin_bot_description/build/pumpkin_bot_description': CMAKE_PREFIX_PATH=${CMAKE_PREFIX_PATH}:/home/ubuntu/ros2_ws/install/pumpkin_py_pkg:/home/ubuntu/ros2_ws/install/my_py_pkg:/opt/ros/foxy /usr/bin/cmake --install /home/ubuntu/ros2_ws/src/pumpkin_bot_description/build/pumpkin_bot_description
[0.594s] -- Install configuration: ""
[0.595s] -- Up-to-date: /home/ubuntu/ros2_ws/src/pumpkin_bot_description/install/pumpkin_bot_description/share/pumpkin_bot_description/src
[0.598s] -- Up-to-date: /home/ubuntu/ros2_ws/src/pumpkin_bot_description/install/pumpkin_bot_description/share/pumpkin_bot_description/src/description
[0.599s] -- Installing: /home/ubuntu/ros2_ws/src/pumpkin_bot_description/install/pumpkin_bot_description/share/pumpkin_bot_description/src/description/pumpkin_bot_description.urdf
[0.600s] -- Up-to-date: /home/ubuntu/ros2_ws/src/pumpkin_bot_description/install/pumpkin_bot_description/share/pumpkin_bot_description/launch
[0.602s] -- Up-to-date: /home/ubuntu/ros2_ws/src/pumpkin_bot_description/install/pumpkin_bot_description/share/pumpkin_bot_description/launch/display.launch.py
[0.603s] -- Up-to-date: /home/ubuntu/ros2_ws/src/pumpkin_bot_description/install/pumpkin_bot_description/share/pumpkin_bot_description/rviz
[0.604s] -- Up-to-date: /home/ubuntu/ros2_ws/src/pumpkin_bot_description/install/pumpkin_bot_description/share/pumpkin_bot_description/rviz/urdf_config.rviz
[0.606s] -- Up-to-date: /home/ubuntu/ros2_ws/src/pumpkin_bot_description/install/pumpkin_bot_description/share/ament_index/resource_index/package_run_dependencies/pumpkin_bot_description
[0.607s] -- Up-to-date: /home/ubuntu/ros2_ws/src/pumpkin_bot_description/install/pumpkin_bot_description/share/ament_index/resource_index/parent_prefix_path/pumpkin_bot_description
[0.608s] -- Up-to-date: /home/ubuntu/ros2_ws/src/pumpkin_bot_description/install/pumpkin_bot_description/share/pumpkin_bot_description/environment/ament_prefix_path.sh
[0.610s] -- Up-to-date: /home/ubuntu/ros2_ws/src/pumpkin_bot_description/install/pumpkin_bot_description/share/pumpkin_bot_description/environment/ament_prefix_path.dsv
[0.612s] -- Up-to-date: /home/ubuntu/ros2_ws/src/pumpkin_bot_description/install/pumpkin_bot_description/share/pumpkin_bot_description/environment/path.sh
[0.615s] -- Up-to-date: /home/ubuntu/ros2_ws/src/pumpkin_bot_description/install/pumpkin_bot_description/share/pumpkin_bot_description/environment/path.dsv
[0.623s] -- Up-to-date: /home/ubuntu/ros2_ws/src/pumpkin_bot_description/install/pumpkin_bot_description/share/pumpkin_bot_description/local_setup.bash
[0.625s] -- Up-to-date: /home/ubuntu/ros2_ws/src/pumpkin_bot_description/install/pumpkin_bot_description/share/pumpkin_bot_description/local_setup.sh
[0.627s] -- Up-to-date: /home/ubuntu/ros2_ws/src/pumpkin_bot_description/install/pumpkin_bot_description/share/pumpkin_bot_description/local_setup.zsh
[0.656s] -- Up-to-date: /home/ubuntu/ros2_ws/src/pumpkin_bot_description/install/pumpkin_bot_description/share/pumpkin_bot_description/local_setup.dsv
[0.680s] -- Installing: /home/ubuntu/ros2_ws/src/pumpkin_bot_description/install/pumpkin_bot_description/share/pumpkin_bot_description/package.dsv
[0.682s] -- Up-to-date: /home/ubuntu/ros2_ws/src/pumpkin_bot_description/install/pumpkin_bot_description/share/ament_index/resource_index/packages/pumpkin_bot_description
[0.683s] -- Up-to-date: /home/ubuntu/ros2_ws/src/pumpkin_bot_description/install/pumpkin_bot_description/share/pumpkin_bot_description/cmake/pumpkin_bot_descriptionConfig.cmake
[0.683s] -- Up-to-date: /home/ubuntu/ros2_ws/src/pumpkin_bot_description/install/pumpkin_bot_description/share/pumpkin_bot_description/cmake/pumpkin_bot_descriptionConfig-version.cmake
[0.684s] -- Up-to-date: /home/ubuntu/ros2_ws/src/pumpkin_bot_description/install/pumpkin_bot_description/share/pumpkin_bot_description/package.xml
[0.687s] Invoked command in '/home/ubuntu/ros2_ws/src/pumpkin_bot_description/build/pumpkin_bot_description' returned '0': CMAKE_PREFIX_PATH=${CMAKE_PREFIX_PATH}:/home/ubuntu/ros2_ws/install/pumpkin_py_pkg:/home/ubuntu/ros2_ws/install/my_py_pkg:/opt/ros/foxy /usr/bin/cmake --install /home/ubuntu/ros2_ws/src/pumpkin_bot_description/build/pumpkin_bot_description
