-- The C compiler identification is GNU 11.2.0
-- The CXX compiler identification is GNU 11.2.0
-- Detecting C compiler ABI info
-- Detecting C compiler ABI info - done
-- Check for working C compiler: /usr/bin/cc - skipped
-- Detecting C compile features
-- Detecting C compile features - done
-- Detecting CXX compiler ABI info
-- Detecting CXX compiler ABI info - done
-- Check for working CXX compiler: /usr/bin/c++ - skipped
-- Detecting CXX compile features
-- Detecting CXX compile features - done
-- Found ament_cmake: 1.3.2 (/opt/ros/humble/share/ament_cmake/cmake)
-- Found Python3: /usr/bin/python3.10 (found version "3.10.4") found components: Interpreter 
-- Found rclcpp: 16.0.1 (/opt/ros/humble/share/rclcpp/cmake)
-- Found rosidl_generator_c: 3.1.3 (/opt/ros/humble/share/rosidl_generator_c/cmake)
-- Found rosidl_adapter: 3.1.3 (/opt/ros/humble/share/rosidl_adapter/cmake)
-- Found rosidl_generator_cpp: 3.1.3 (/opt/ros/humble/share/rosidl_generator_cpp/cmake)
-- Using all available rosidl_typesupport_c: rosidl_typesupport_fastrtps_c;rosidl_typesupport_introspection_c
-- Using all available rosidl_typesupport_cpp: rosidl_typesupport_fastrtps_cpp;rosidl_typesupport_introspection_cpp
-- Found rmw_implementation_cmake: 6.1.0 (/opt/ros/humble/share/rmw_implementation_cmake/cmake)
-- Found rmw_fastrtps_cpp: 6.2.1 (/opt/ros/humble/share/rmw_fastrtps_cpp/cmake)
-- Found OpenSSL: /usr/lib/x86_64-linux-gnu/libcrypto.so (found version "3.0.2")  
-- Found FastRTPS: /opt/ros/humble/include  
-- Using RMW implementation 'rmw_fastrtps_cpp' as default
-- Found geometry_msgs: 4.2.2 (/opt/ros/humble/share/geometry_msgs/cmake)
-- Found nav_msgs: 4.2.2 (/opt/ros/humble/share/nav_msgs/cmake)
-- Found sensor_msgs: 4.2.2 (/opt/ros/humble/share/sensor_msgs/cmake)
-- Found tf2_ros: 0.25.1 (/opt/ros/humble/share/tf2_ros/cmake)
-- Found example_interfaces: 0.9.3 (/opt/ros/humble/share/example_interfaces/cmake)
-- Configuring done
-- Generating done
-- Build files have been written to: /home/ubuntu/ros2_ws/build/pumpkin_cpp_pkg
[ 25%] [32mBuilding CXX object CMakeFiles/pumpkin_clock.dir/src/pumpkin_clock.cpp.o[0m
[ 50%] [32mBuilding CXX object CMakeFiles/odometry.dir/src/odometry.cpp.o[0m
[01m[K/home/ubuntu/ros2_ws/pumpkin_cpp_pkg/src/odometry.cpp:[m[K In function ‘[01m[Kint main(int, char**)[m[K’:
[01m[K/home/ubuntu/ros2_ws/pumpkin_cpp_pkg/src/odometry.cpp:122:13:[m[K [01;35m[Kwarning: [m[Kstatement is a reference, not call, to function ‘[01m[Krclcpp::shutdown[m[K’ [[01;35m[K]8;;https://gcc.gnu.org/onlinedocs/gcc/Warning-Options.html#index-Waddress-Waddress]8;;[m[K]
  122 |     [01;35m[Krclcpp::shutdown[m[K;
      |     [01;35m[K~~~~~~~~^~~~~~~~[m[K
[01m[K/home/ubuntu/ros2_ws/pumpkin_cpp_pkg/src/odometry.cpp:122:13:[m[K [01;35m[Kwarning: [m[Kstatement has no effect [[01;35m[K]8;;https://gcc.gnu.org/onlinedocs/gcc/Warning-Options.html#index-Wunused-value-Wunused-value]8;;[m[K]
[ 75%] [32m[1mLinking CXX executable pumpkin_clock[0m
[ 75%] Built target pumpkin_clock
[100%] [32m[1mLinking CXX executable odometry[0m
[100%] Built target odometry
-- Install configuration: ""
-- Installing: /home/ubuntu/ros2_ws/install/pumpkin_cpp_pkg/lib/pumpkin_cpp_pkg/odometry
-- Set runtime path of "/home/ubuntu/ros2_ws/install/pumpkin_cpp_pkg/lib/pumpkin_cpp_pkg/odometry" to ""
-- Installing: /home/ubuntu/ros2_ws/install/pumpkin_cpp_pkg/lib/pumpkin_cpp_pkg/pumpkin_clock
-- Set runtime path of "/home/ubuntu/ros2_ws/install/pumpkin_cpp_pkg/lib/pumpkin_cpp_pkg/pumpkin_clock" to ""
-- Installing: /home/ubuntu/ros2_ws/install/pumpkin_cpp_pkg/share/ament_index/resource_index/package_run_dependencies/pumpkin_cpp_pkg
-- Installing: /home/ubuntu/ros2_ws/install/pumpkin_cpp_pkg/share/ament_index/resource_index/parent_prefix_path/pumpkin_cpp_pkg
-- Installing: /home/ubuntu/ros2_ws/install/pumpkin_cpp_pkg/share/pumpkin_cpp_pkg/environment/ament_prefix_path.sh
-- Installing: /home/ubuntu/ros2_ws/install/pumpkin_cpp_pkg/share/pumpkin_cpp_pkg/environment/ament_prefix_path.dsv
-- Installing: /home/ubuntu/ros2_ws/install/pumpkin_cpp_pkg/share/pumpkin_cpp_pkg/environment/path.sh
-- Installing: /home/ubuntu/ros2_ws/install/pumpkin_cpp_pkg/share/pumpkin_cpp_pkg/environment/path.dsv
-- Installing: /home/ubuntu/ros2_ws/install/pumpkin_cpp_pkg/share/pumpkin_cpp_pkg/local_setup.bash
-- Installing: /home/ubuntu/ros2_ws/install/pumpkin_cpp_pkg/share/pumpkin_cpp_pkg/local_setup.sh
-- Installing: /home/ubuntu/ros2_ws/install/pumpkin_cpp_pkg/share/pumpkin_cpp_pkg/local_setup.zsh
-- Installing: /home/ubuntu/ros2_ws/install/pumpkin_cpp_pkg/share/pumpkin_cpp_pkg/local_setup.dsv
-- Installing: /home/ubuntu/ros2_ws/install/pumpkin_cpp_pkg/share/pumpkin_cpp_pkg/package.dsv
-- Installing: /home/ubuntu/ros2_ws/install/pumpkin_cpp_pkg/share/ament_index/resource_index/packages/pumpkin_cpp_pkg
-- Installing: /home/ubuntu/ros2_ws/install/pumpkin_cpp_pkg/share/pumpkin_cpp_pkg/cmake/pumpkin_cpp_pkgConfig.cmake
-- Installing: /home/ubuntu/ros2_ws/install/pumpkin_cpp_pkg/share/pumpkin_cpp_pkg/cmake/pumpkin_cpp_pkgConfig-version.cmake
-- Installing: /home/ubuntu/ros2_ws/install/pumpkin_cpp_pkg/share/pumpkin_cpp_pkg/package.xml
