[0.251s] Invoking command in '/home/ubuntu/ros2_ws/build/pumpkin_cpp_pkg': CMAKE_PREFIX_PATH=/opt/ros/humble CONDA_PROMPT_MODIFIER=(base) /usr/bin/cmake /home/ubuntu/ros2_ws/pumpkin_cpp_pkg -DCMAKE_INSTALL_PREFIX=/home/ubuntu/ros2_ws/install/pumpkin_cpp_pkg
[0.296s] -- The C compiler identification is GNU 11.2.0
[0.355s] -- The CXX compiler identification is GNU 11.2.0
[0.362s] -- Detecting C compiler ABI info
[0.422s] -- Detecting C compiler ABI info - done
[0.430s] -- Check for working C compiler: /usr/bin/cc - skipped
[0.430s] -- Detecting C compile features
[0.430s] -- Detecting C compile features - done
[0.433s] -- Detecting CXX compiler ABI info
[0.505s] -- Detecting CXX compiler ABI info - done
[0.513s] -- Check for working CXX compiler: /usr/bin/c++ - skipped
[0.514s] -- Detecting CXX compile features
[0.514s] -- Detecting CXX compile features - done
[0.516s] -- Found ament_cmake: 1.3.2 (/opt/ros/humble/share/ament_cmake/cmake)
[0.710s] -- Found Python3: /usr/bin/python3.10 (found version "3.10.4") found components: Interpreter 
[0.792s] -- Found rclcpp: 16.0.1 (/opt/ros/humble/share/rclcpp/cmake)
[0.831s] -- Found rosidl_generator_c: 3.1.3 (/opt/ros/humble/share/rosidl_generator_c/cmake)
[0.835s] -- Found rosidl_adapter: 3.1.3 (/opt/ros/humble/share/rosidl_adapter/cmake)
[0.842s] -- Found rosidl_generator_cpp: 3.1.3 (/opt/ros/humble/share/rosidl_generator_cpp/cmake)
[0.855s] -- Using all available rosidl_typesupport_c: rosidl_typesupport_fastrtps_c;rosidl_typesupport_introspection_c
[0.873s] -- Using all available rosidl_typesupport_cpp: rosidl_typesupport_fastrtps_cpp;rosidl_typesupport_introspection_cpp
[0.943s] -- Found rmw_implementation_cmake: 6.1.0 (/opt/ros/humble/share/rmw_implementation_cmake/cmake)
[0.945s] -- Found rmw_fastrtps_cpp: 6.2.1 (/opt/ros/humble/share/rmw_fastrtps_cpp/cmake)
[1.030s] -- Found OpenSSL: /usr/lib/x86_64-linux-gnu/libcrypto.so (found version "3.0.2")  
[1.055s] -- Found FastRTPS: /opt/ros/humble/include  
[1.100s] -- Using RMW implementation 'rmw_fastrtps_cpp' as default
[1.276s] -- Found geometry_msgs: 4.2.2 (/opt/ros/humble/share/geometry_msgs/cmake)
[1.320s] -- Found nav_msgs: 4.2.2 (/opt/ros/humble/share/nav_msgs/cmake)
[1.405s] -- Found sensor_msgs: 4.2.2 (/opt/ros/humble/share/sensor_msgs/cmake)
[1.491s] -- Found tf2_ros: 0.25.1 (/opt/ros/humble/share/tf2_ros/cmake)
[2.018s] -- Found example_interfaces: 0.9.3 (/opt/ros/humble/share/example_interfaces/cmake)
[2.233s] -- Configuring done
[2.260s] -- Generating done
[2.263s] -- Build files have been written to: /home/ubuntu/ros2_ws/build/pumpkin_cpp_pkg
[2.285s] Invoked command in '/home/ubuntu/ros2_ws/build/pumpkin_cpp_pkg' returned '0': CMAKE_PREFIX_PATH=/opt/ros/humble CONDA_PROMPT_MODIFIER=(base) /usr/bin/cmake /home/ubuntu/ros2_ws/pumpkin_cpp_pkg -DCMAKE_INSTALL_PREFIX=/home/ubuntu/ros2_ws/install/pumpkin_cpp_pkg
[2.287s] Invoking command in '/home/ubuntu/ros2_ws/build/pumpkin_cpp_pkg': CMAKE_PREFIX_PATH=/opt/ros/humble CONDA_PROMPT_MODIFIER=(base) /usr/bin/cmake --build /home/ubuntu/ros2_ws/build/pumpkin_cpp_pkg -- -j8 -l8
[2.336s] [ 25%] [32mBuilding CXX object CMakeFiles/pumpkin_clock.dir/src/pumpkin_clock.cpp.o[0m
[2.336s] [ 50%] [32mBuilding CXX object CMakeFiles/odometry.dir/src/odometry.cpp.o[0m
[4.940s] [01m[K/home/ubuntu/ros2_ws/pumpkin_cpp_pkg/src/odometry.cpp:[m[K In function ‘[01m[Kint main(int, char**)[m[K’:
[4.940s] [01m[K/home/ubuntu/ros2_ws/pumpkin_cpp_pkg/src/odometry.cpp:122:13:[m[K [01;35m[Kwarning: [m[Kstatement is a reference, not call, to function ‘[01m[Krclcpp::shutdown[m[K’ [[01;35m[K]8;;https://gcc.gnu.org/onlinedocs/gcc/Warning-Options.html#index-Waddress-Waddress]8;;[m[K]
[4.940s]   122 |     [01;35m[Krclcpp::shutdown[m[K;
[4.941s]       |     [01;35m[K~~~~~~~~^~~~~~~~[m[K
[4.941s] [01m[K/home/ubuntu/ros2_ws/pumpkin_cpp_pkg/src/odometry.cpp:122:13:[m[K [01;35m[Kwarning: [m[Kstatement has no effect [[01;35m[K]8;;https://gcc.gnu.org/onlinedocs/gcc/Warning-Options.html#index-Wunused-value-Wunused-value]8;;[m[K]
[6.750s] [ 75%] [32m[1mLinking CXX executable pumpkin_clock[0m
[6.939s] [ 75%] Built target pumpkin_clock
[11.494s] [100%] [32m[1mLinking CXX executable odometry[0m
[11.921s] [100%] Built target odometry
[11.930s] Invoked command in '/home/ubuntu/ros2_ws/build/pumpkin_cpp_pkg' returned '0': CMAKE_PREFIX_PATH=/opt/ros/humble CONDA_PROMPT_MODIFIER=(base) /usr/bin/cmake --build /home/ubuntu/ros2_ws/build/pumpkin_cpp_pkg -- -j8 -l8
[11.950s] Invoking command in '/home/ubuntu/ros2_ws/build/pumpkin_cpp_pkg': CMAKE_PREFIX_PATH=/opt/ros/humble CONDA_PROMPT_MODIFIER=(base) /usr/bin/cmake --install /home/ubuntu/ros2_ws/build/pumpkin_cpp_pkg
[11.957s] -- Install configuration: ""
[11.957s] -- Installing: /home/ubuntu/ros2_ws/install/pumpkin_cpp_pkg/lib/pumpkin_cpp_pkg/odometry
[11.960s] -- Set runtime path of "/home/ubuntu/ros2_ws/install/pumpkin_cpp_pkg/lib/pumpkin_cpp_pkg/odometry" to ""
[11.960s] -- Installing: /home/ubuntu/ros2_ws/install/pumpkin_cpp_pkg/lib/pumpkin_cpp_pkg/pumpkin_clock
[11.961s] -- Set runtime path of "/home/ubuntu/ros2_ws/install/pumpkin_cpp_pkg/lib/pumpkin_cpp_pkg/pumpkin_clock" to ""
[11.961s] -- Installing: /home/ubuntu/ros2_ws/install/pumpkin_cpp_pkg/share/ament_index/resource_index/package_run_dependencies/pumpkin_cpp_pkg
[11.962s] -- Installing: /home/ubuntu/ros2_ws/install/pumpkin_cpp_pkg/share/ament_index/resource_index/parent_prefix_path/pumpkin_cpp_pkg
[11.962s] -- Installing: /home/ubuntu/ros2_ws/install/pumpkin_cpp_pkg/share/pumpkin_cpp_pkg/environment/ament_prefix_path.sh
[11.962s] -- Installing: /home/ubuntu/ros2_ws/install/pumpkin_cpp_pkg/share/pumpkin_cpp_pkg/environment/ament_prefix_path.dsv
[11.962s] -- Installing: /home/ubuntu/ros2_ws/install/pumpkin_cpp_pkg/share/pumpkin_cpp_pkg/environment/path.sh
[11.962s] -- Installing: /home/ubuntu/ros2_ws/install/pumpkin_cpp_pkg/share/pumpkin_cpp_pkg/environment/path.dsv
[11.963s] -- Installing: /home/ubuntu/ros2_ws/install/pumpkin_cpp_pkg/share/pumpkin_cpp_pkg/local_setup.bash
[11.963s] -- Installing: /home/ubuntu/ros2_ws/install/pumpkin_cpp_pkg/share/pumpkin_cpp_pkg/local_setup.sh
[11.963s] -- Installing: /home/ubuntu/ros2_ws/install/pumpkin_cpp_pkg/share/pumpkin_cpp_pkg/local_setup.zsh
[11.963s] -- Installing: /home/ubuntu/ros2_ws/install/pumpkin_cpp_pkg/share/pumpkin_cpp_pkg/local_setup.dsv
[11.963s] -- Installing: /home/ubuntu/ros2_ws/install/pumpkin_cpp_pkg/share/pumpkin_cpp_pkg/package.dsv
[11.963s] -- Installing: /home/ubuntu/ros2_ws/install/pumpkin_cpp_pkg/share/ament_index/resource_index/packages/pumpkin_cpp_pkg
[11.963s] -- Installing: /home/ubuntu/ros2_ws/install/pumpkin_cpp_pkg/share/pumpkin_cpp_pkg/cmake/pumpkin_cpp_pkgConfig.cmake
[11.963s] -- Installing: /home/ubuntu/ros2_ws/install/pumpkin_cpp_pkg/share/pumpkin_cpp_pkg/cmake/pumpkin_cpp_pkgConfig-version.cmake
[11.964s] -- Installing: /home/ubuntu/ros2_ws/install/pumpkin_cpp_pkg/share/pumpkin_cpp_pkg/package.xml
[11.967s] Invoked command in '/home/ubuntu/ros2_ws/build/pumpkin_cpp_pkg' returned '0': CMAKE_PREFIX_PATH=/opt/ros/humble CONDA_PROMPT_MODIFIER=(base) /usr/bin/cmake --install /home/ubuntu/ros2_ws/build/pumpkin_cpp_pkg
