[0.092s] Invoking command in '/home/ubuntu/ros2_ws/src/pumpkin_bot_description/build/pumpkin_bot_description': CMAKE_PREFIX_PATH=${CMAKE_PREFIX_PATH}:/home/ubuntu/ros2_ws/install/pumpkin_py_pkg:/home/ubuntu/ros2_ws/install/my_py_pkg:/opt/ros/foxy /usr/bin/cmake --build /home/ubuntu/ros2_ws/src/pumpkin_bot_description/build/pumpkin_bot_description -- -j4 -l4
[0.322s] Invoked command in '/home/ubuntu/ros2_ws/src/pumpkin_bot_description/build/pumpkin_bot_description' returned '0': CMAKE_PREFIX_PATH=${CMAKE_PREFIX_PATH}:/home/ubuntu/ros2_ws/install/pumpkin_py_pkg:/home/ubuntu/ros2_ws/install/my_py_pkg:/opt/ros/foxy /usr/bin/cmake --build /home/ubuntu/ros2_ws/src/pumpkin_bot_description/build/pumpkin_bot_description -- -j4 -l4
[0.520s] Invoking command in '/home/ubuntu/ros2_ws/src/pumpkin_bot_description/build/pumpkin_bot_description': CMAKE_PREFIX_PATH=${CMAKE_PREFIX_PATH}:/home/ubuntu/ros2_ws/install/pumpkin_py_pkg:/home/ubuntu/ros2_ws/install/my_py_pkg:/opt/ros/foxy /usr/bin/cmake --install /home/ubuntu/ros2_ws/src/pumpkin_bot_description/build/pumpkin_bot_description
[0.587s] -- Install configuration: ""
[0.587s] -- Up-to-date: /home/ubuntu/ros2_ws/src/pumpkin_bot_description/install/pumpkin_bot_description/share/pumpkin_bot_description/src
[0.588s] -- Up-to-date: /home/ubuntu/ros2_ws/src/pumpkin_bot_description/install/pumpkin_bot_description/share/pumpkin_bot_description/src/description
[0.589s] -- Installing: /home/ubuntu/ros2_ws/src/pumpkin_bot_description/install/pumpkin_bot_description/share/pumpkin_bot_description/src/description/pumpkin_bot_description.urdf
[0.590s] -- Up-to-date: /home/ubuntu/ros2_ws/src/pumpkin_bot_description/install/pumpkin_bot_description/share/pumpkin_bot_description/launch
[0.591s] -- Up-to-date: /home/ubuntu/ros2_ws/src/pumpkin_bot_description/install/pumpkin_bot_description/share/pumpkin_bot_description/launch/display.launch.py
[0.592s] -- Up-to-date: /home/ubuntu/ros2_ws/src/pumpkin_bot_description/install/pumpkin_bot_description/share/pumpkin_bot_description/rviz
[0.594s] -- Up-to-date: /home/ubuntu/ros2_ws/src/pumpkin_bot_description/install/pumpkin_bot_description/share/pumpkin_bot_description/rviz/urdf_config.rviz
[0.604s] -- Up-to-date: /home/ubuntu/ros2_ws/src/pumpkin_bot_description/install/pumpkin_bot_description/share/ament_index/resource_index/package_run_dependencies/pumpkin_bot_description
[0.606s] -- Up-to-date: /home/ubuntu/ros2_ws/src/pumpkin_bot_description/install/pumpkin_bot_description/share/ament_index/resource_index/parent_prefix_path/pumpkin_bot_description
[0.607s] -- Up-to-date: /home/ubuntu/ros2_ws/src/pumpkin_bot_description/install/pumpkin_bot_description/share/pumpkin_bot_description/environment/ament_prefix_path.sh
[0.607s] -- Up-to-date: /home/ubuntu/ros2_ws/src/pumpkin_bot_description/install/pumpkin_bot_description/share/pumpkin_bot_description/environment/ament_prefix_path.dsv
[0.608s] -- Up-to-date: /home/ubuntu/ros2_ws/src/pumpkin_bot_description/install/pumpkin_bot_description/share/pumpkin_bot_description/environment/path.sh
[0.613s] -- Up-to-date: /home/ubuntu/ros2_ws/src/pumpkin_bot_description/install/pumpkin_bot_description/share/pumpkin_bot_description/environment/path.dsv
[0.631s] -- Up-to-date: /home/ubuntu/ros2_ws/src/pumpkin_bot_description/install/pumpkin_bot_description/share/pumpkin_bot_description/local_setup.bash
[0.632s] -- Up-to-date: /home/ubuntu/ros2_ws/src/pumpkin_bot_description/install/pumpkin_bot_description/share/pumpkin_bot_description/local_setup.sh
[0.633s] -- Up-to-date: /home/ubuntu/ros2_ws/src/pumpkin_bot_description/install/pumpkin_bot_description/share/pumpkin_bot_description/local_setup.zsh
[0.634s] -- Up-to-date: /home/ubuntu/ros2_ws/src/pumpkin_bot_description/install/pumpkin_bot_description/share/pumpkin_bot_description/local_setup.dsv
[0.635s] -- Installing: /home/ubuntu/ros2_ws/src/pumpkin_bot_description/install/pumpkin_bot_description/share/pumpkin_bot_description/package.dsv
[0.636s] -- Up-to-date: /home/ubuntu/ros2_ws/src/pumpkin_bot_description/install/pumpkin_bot_description/share/ament_index/resource_index/packages/pumpkin_bot_description
[0.637s] -- Up-to-date: /home/ubuntu/ros2_ws/src/pumpkin_bot_description/install/pumpkin_bot_description/share/pumpkin_bot_description/cmake/pumpkin_bot_descriptionConfig.cmake
[0.637s] -- Up-to-date: /home/ubuntu/ros2_ws/src/pumpkin_bot_description/install/pumpkin_bot_description/share/pumpkin_bot_description/cmake/pumpkin_bot_descriptionConfig-version.cmake
[0.638s] -- Up-to-date: /home/ubuntu/ros2_ws/src/pumpkin_bot_description/install/pumpkin_bot_description/share/pumpkin_bot_description/package.xml
[0.641s] Invoked command in '/home/ubuntu/ros2_ws/src/pumpkin_bot_description/build/pumpkin_bot_description' returned '0': CMAKE_PREFIX_PATH=${CMAKE_PREFIX_PATH}:/home/ubuntu/ros2_ws/install/pumpkin_py_pkg:/home/ubuntu/ros2_ws/install/my_py_pkg:/opt/ros/foxy /usr/bin/cmake --install /home/ubuntu/ros2_ws/src/pumpkin_bot_description/build/pumpkin_bot_description
