[0.026s] Invoking command in '/home/ubuntu/ros2_ws/build/pumpkin_bot_description': CMAKE_PREFIX_PATH=/opt/ros/humble CONDA_PROMPT_MODIFIER=(base) /usr/bin/cmake /home/ubuntu/ros2_ws/pumpkin_bot_description -DCMAKE_INSTALL_PREFIX=/home/ubuntu/ros2_ws/install/pumpkin_bot_description
[0.268s] -- The C compiler identification is GNU 11.2.0
[0.268s] -- The CXX compiler identification is GNU 11.2.0
[0.269s] -- Detecting C compiler ABI info
[0.269s] -- Detecting C compiler ABI info - done
[0.270s] -- Check for working C compiler: /usr/bin/cc - skipped
[0.270s] -- Detecting C compile features
[0.271s] -- Detecting C compile features - done
[0.271s] -- Detecting CXX compiler ABI info
[0.272s] -- Detecting CXX compiler ABI info - done
[0.273s] -- Check for working CXX compiler: /usr/bin/c++ - skipped
[0.273s] -- Detecting CXX compile features
[0.273s] -- Detecting CXX compile features - done
[0.274s] -- Found ament_cmake: 1.3.2 (/opt/ros/humble/share/ament_cmake/cmake)
[0.464s] -- Found Python3: /usr/bin/python3.10 (found version "3.10.4") found components: Interpreter 
[0.548s] -- Found ament_lint_auto: 0.12.4 (/opt/ros/humble/share/ament_lint_auto/cmake)
[0.627s] -- Added test 'copyright' to check source files copyright and LICENSE
[0.641s] -- Added test 'cppcheck' to perform static code analysis on C / C++ code
[0.641s] -- Configured cppcheck include dirs: 
[0.641s] -- Configured cppcheck exclude dirs and/or files: 
[0.653s] -- Added test 'cpplint' to check C / C++ code against the Google style
[0.653s] -- Configured cpplint exclude dirs and/or files: 
[0.655s] -- Added test 'flake8' to check Python code syntax and style conventions
[0.661s] -- Added test 'lint_cmake' to check CMake code style
[0.662s] -- Added test 'pep257' to check Python code against some of the docstring style conventions in PEP 257
[0.672s] -- Added test 'uncrustify' to check C / C++ code style
[0.673s] -- Configured uncrustify additional arguments: 
[0.674s] -- Added test 'xmllint' to check XML markup files
[0.675s] -- Configuring done
[0.678s] -- Generating done
[0.679s] -- Build files have been written to: /home/ubuntu/ros2_ws/build/pumpkin_bot_description
[0.684s] Invoked command in '/home/ubuntu/ros2_ws/build/pumpkin_bot_description' returned '0': CMAKE_PREFIX_PATH=/opt/ros/humble CONDA_PROMPT_MODIFIER=(base) /usr/bin/cmake /home/ubuntu/ros2_ws/pumpkin_bot_description -DCMAKE_INSTALL_PREFIX=/home/ubuntu/ros2_ws/install/pumpkin_bot_description
[0.686s] Invoking command in '/home/ubuntu/ros2_ws/build/pumpkin_bot_description': CMAKE_PREFIX_PATH=/opt/ros/humble CONDA_PROMPT_MODIFIER=(base) /usr/bin/cmake --build /home/ubuntu/ros2_ws/build/pumpkin_bot_description -- -j8 -l8
[0.718s] Invoked command in '/home/ubuntu/ros2_ws/build/pumpkin_bot_description' returned '0': CMAKE_PREFIX_PATH=/opt/ros/humble CONDA_PROMPT_MODIFIER=(base) /usr/bin/cmake --build /home/ubuntu/ros2_ws/build/pumpkin_bot_description -- -j8 -l8
[0.745s] Invoking command in '/home/ubuntu/ros2_ws/build/pumpkin_bot_description': CMAKE_PREFIX_PATH=/opt/ros/humble CONDA_PROMPT_MODIFIER=(base) /usr/bin/cmake --install /home/ubuntu/ros2_ws/build/pumpkin_bot_description
[0.751s] -- Install configuration: ""
[0.751s] -- Installing: /home/ubuntu/ros2_ws/install/pumpkin_bot_description/share/pumpkin_bot_description/src
[0.751s] -- Installing: /home/ubuntu/ros2_ws/install/pumpkin_bot_description/share/pumpkin_bot_description/src/description
[0.751s] -- Installing: /home/ubuntu/ros2_ws/install/pumpkin_bot_description/share/pumpkin_bot_description/src/description/pumpkin_bot_description.urdf
[0.752s] -- Installing: /home/ubuntu/ros2_ws/install/pumpkin_bot_description/share/pumpkin_bot_description/launch
[0.752s] -- Installing: /home/ubuntu/ros2_ws/install/pumpkin_bot_description/share/pumpkin_bot_description/rviz
[0.752s] -- Installing: /home/ubuntu/ros2_ws/install/pumpkin_bot_description/share/pumpkin_bot_description/rviz/urdf_config.rviz
[0.752s] -- Installing: /home/ubuntu/ros2_ws/install/pumpkin_bot_description/share/pumpkin_bot_description/config
[0.752s] -- Installing: /home/ubuntu/ros2_ws/install/pumpkin_bot_description/share/pumpkin_bot_description/config/ekf.yaml
[0.752s] -- Installing: /home/ubuntu/ros2_ws/install/pumpkin_bot_description/share/ament_index/resource_index/package_run_dependencies/pumpkin_bot_description
[0.752s] -- Installing: /home/ubuntu/ros2_ws/install/pumpkin_bot_description/share/ament_index/resource_index/parent_prefix_path/pumpkin_bot_description
[0.753s] -- Installing: /home/ubuntu/ros2_ws/install/pumpkin_bot_description/share/pumpkin_bot_description/environment/ament_prefix_path.sh
[0.753s] -- Installing: /home/ubuntu/ros2_ws/install/pumpkin_bot_description/share/pumpkin_bot_description/environment/ament_prefix_path.dsv
[0.753s] -- Installing: /home/ubuntu/ros2_ws/install/pumpkin_bot_description/share/pumpkin_bot_description/environment/path.sh
[0.753s] -- Installing: /home/ubuntu/ros2_ws/install/pumpkin_bot_description/share/pumpkin_bot_description/environment/path.dsv
[0.753s] -- Installing: /home/ubuntu/ros2_ws/install/pumpkin_bot_description/share/pumpkin_bot_description/local_setup.bash
[0.753s] -- Installing: /home/ubuntu/ros2_ws/install/pumpkin_bot_description/share/pumpkin_bot_description/local_setup.sh
[0.754s] -- Installing: /home/ubuntu/ros2_ws/install/pumpkin_bot_description/share/pumpkin_bot_description/local_setup.zsh
[0.754s] -- Installing: /home/ubuntu/ros2_ws/install/pumpkin_bot_description/share/pumpkin_bot_description/local_setup.dsv
[0.754s] -- Installing: /home/ubuntu/ros2_ws/install/pumpkin_bot_description/share/pumpkin_bot_description/package.dsv
[0.754s] -- Installing: /home/ubuntu/ros2_ws/install/pumpkin_bot_description/share/ament_index/resource_index/packages/pumpkin_bot_description
[0.754s] -- Installing: /home/ubuntu/ros2_ws/install/pumpkin_bot_description/share/pumpkin_bot_description/cmake/pumpkin_bot_descriptionConfig.cmake
[0.754s] -- Installing: /home/ubuntu/ros2_ws/install/pumpkin_bot_description/share/pumpkin_bot_description/cmake/pumpkin_bot_descriptionConfig-version.cmake
[0.754s] -- Installing: /home/ubuntu/ros2_ws/install/pumpkin_bot_description/share/pumpkin_bot_description/package.xml
[0.756s] Invoked command in '/home/ubuntu/ros2_ws/build/pumpkin_bot_description' returned '0': CMAKE_PREFIX_PATH=/opt/ros/humble CONDA_PROMPT_MODIFIER=(base) /usr/bin/cmake --install /home/ubuntu/ros2_ws/build/pumpkin_bot_description
