[1.298s] DEBUG:colcon:Command line arguments: ['/usr/bin/colcon', 'build']
[1.298s] DEBUG:colcon:Parsed command line arguments: Namespace(ament_cmake_args=None, base_paths=['.'], build_base='build', catkin_cmake_args=None, catkin_skip_building_tests=False, cmake_args=None, cmake_clean_cache=False, cmake_clean_first=False, cmake_force_configure=False, cmake_target=None, cmake_target_skip_unavailable=False, continue_on_error=False, event_handlers=None, executor='parallel', ignore_user_meta=False, install_base='install', log_base=None, log_level=None, main=<bound method BuildVerb.main of <colcon_core.verb.build.BuildVerb object at 0xffff958068b0>>, merge_install=False, metas=['./colcon.meta'], packages_above=None, packages_above_and_dependencies=None, packages_above_depth=None, packages_end=None, packages_ignore=None, packages_ignore_regex=None, packages_select=None, packages_select_build_failed=False, packages_select_by_dep=None, packages_select_regex=None, packages_select_test_failures=False, packages_skip=None, packages_skip_build_finished=False, packages_skip_by_dep=None, packages_skip_regex=None, packages_skip_test_passed=False, packages_skip_up_to=None, packages_start=None, packages_up_to=None, packages_up_to_regex=None, parallel_workers=4, paths=None, symlink_install=False, test_result_base=None, verb_extension=<colcon_core.verb.build.BuildVerb object at 0xffff958068b0>, verb_name='build', verb_parser=<colcon_defaults.argument_parser.defaults.DefaultArgumentsDecorator object at 0xffff95806e20>)
[1.327s] Level 1:colcon.colcon_core.package_discovery:discover_packages(colcon_meta) check parameters
[1.328s] Level 1:colcon.colcon_core.package_discovery:discover_packages(recursive) check parameters
[1.328s] Level 1:colcon.colcon_core.package_discovery:discover_packages(ignore) check parameters
[1.328s] Level 1:colcon.colcon_core.package_discovery:discover_packages(path) check parameters
[1.329s] Level 1:colcon.colcon_core.package_discovery:discover_packages(colcon_meta) discover
[1.329s] Level 1:colcon.colcon_core.package_discovery:discover_packages(recursive) discover
[1.329s] INFO:colcon.colcon_core.package_discovery:Crawling recursively for packages in '/home/ubuntu/ros2_ws/src/pumpkin_bot_description'
[1.330s] Level 1:colcon.colcon_core.package_identification:_identify(.) by extensions ['ignore', 'ignore_ament_install']
[1.330s] Level 1:colcon.colcon_core.package_identification:_identify(.) by extension 'ignore'
[1.331s] Level 1:colcon.colcon_core.package_identification:_identify(.) by extension 'ignore_ament_install'
[1.331s] Level 1:colcon.colcon_core.package_identification:_identify(.) by extensions ['colcon_pkg']
[1.331s] Level 1:colcon.colcon_core.package_identification:_identify(.) by extension 'colcon_pkg'
[1.332s] Level 1:colcon.colcon_core.package_identification:_identify(.) by extensions ['colcon_meta']
[1.332s] Level 1:colcon.colcon_core.package_identification:_identify(.) by extension 'colcon_meta'
[1.332s] Level 1:colcon.colcon_core.package_identification:_identify(.) by extensions ['ros']
[1.332s] Level 1:colcon.colcon_core.package_identification:_identify(.) by extension 'ros'
[1.400s] DEBUG:colcon.colcon_core.package_identification:Package '.' with type 'ros.ament_cmake' and name 'pumpkin_bot_description'
[1.400s] Level 1:colcon.colcon_core.package_discovery:discover_packages(recursive) using defaults
[1.401s] Level 1:colcon.colcon_core.package_discovery:discover_packages(ignore) discover
[1.401s] Level 1:colcon.colcon_core.package_discovery:discover_packages(ignore) using defaults
[1.401s] Level 1:colcon.colcon_core.package_discovery:discover_packages(path) discover
[1.401s] Level 1:colcon.colcon_core.package_discovery:discover_packages(path) using defaults
[1.500s] Level 5:colcon.colcon_core.verb:set package 'pumpkin_bot_description' build argument 'cmake_args' from command line to 'None'
[1.501s] Level 5:colcon.colcon_core.verb:set package 'pumpkin_bot_description' build argument 'cmake_target' from command line to 'None'
[1.501s] Level 5:colcon.colcon_core.verb:set package 'pumpkin_bot_description' build argument 'cmake_target_skip_unavailable' from command line to 'False'
[1.501s] Level 5:colcon.colcon_core.verb:set package 'pumpkin_bot_description' build argument 'cmake_clean_cache' from command line to 'False'
[1.501s] Level 5:colcon.colcon_core.verb:set package 'pumpkin_bot_description' build argument 'cmake_clean_first' from command line to 'False'
[1.502s] Level 5:colcon.colcon_core.verb:set package 'pumpkin_bot_description' build argument 'cmake_force_configure' from command line to 'False'
[1.502s] Level 5:colcon.colcon_core.verb:set package 'pumpkin_bot_description' build argument 'ament_cmake_args' from command line to 'None'
[1.502s] Level 5:colcon.colcon_core.verb:set package 'pumpkin_bot_description' build argument 'catkin_cmake_args' from command line to 'None'
[1.502s] Level 5:colcon.colcon_core.verb:set package 'pumpkin_bot_description' build argument 'catkin_skip_building_tests' from command line to 'False'
[1.502s] DEBUG:colcon.colcon_core.verb:Building package 'pumpkin_bot_description' with the following arguments: {'ament_cmake_args': None, 'build_base': '/home/ubuntu/ros2_ws/src/pumpkin_bot_description/build/pumpkin_bot_description', 'catkin_cmake_args': None, 'catkin_skip_building_tests': False, 'cmake_args': None, 'cmake_clean_cache': False, 'cmake_clean_first': False, 'cmake_force_configure': False, 'cmake_target': None, 'cmake_target_skip_unavailable': False, 'install_base': '/home/ubuntu/ros2_ws/src/pumpkin_bot_description/install/pumpkin_bot_description', 'merge_install': False, 'path': '/home/ubuntu/ros2_ws/src/pumpkin_bot_description', 'symlink_install': False, 'test_result_base': None}
[1.504s] INFO:colcon.colcon_core.executor:Executing jobs using 'parallel' executor
[1.512s] DEBUG:colcon.colcon_parallel_executor.executor.parallel:run_until_complete
[1.514s] INFO:colcon.colcon_ros.task.ament_cmake.build:Building ROS package in '/home/ubuntu/ros2_ws/src/pumpkin_bot_description' with build type 'ament_cmake'
[1.515s] INFO:colcon.colcon_cmake.task.cmake.build:Building CMake package in '/home/ubuntu/ros2_ws/src/pumpkin_bot_description'
[1.532s] INFO:colcon.colcon_core.plugin_system:Skipping extension 'colcon_core.shell.bat': Not used on non-Windows systems
[1.533s] INFO:colcon.colcon_core.shell:Skip shell extension 'powershell' for command environment: Not usable outside of PowerShell
[1.533s] DEBUG:colcon.colcon_core.shell:Skip shell extension 'dsv' for command environment
[1.556s] DEBUG:colcon.colcon_core.shell:Ignoring prefix path '/opt/ros/foxy'
[1.649s] DEBUG:colcon.colcon_core.event_handler.log_command:Invoking command in '/home/ubuntu/ros2_ws/src/pumpkin_bot_description/build/pumpkin_bot_description': CMAKE_PREFIX_PATH=${CMAKE_PREFIX_PATH}:/home/ubuntu/ros2_ws/install/pumpkin_py_pkg:/home/ubuntu/ros2_ws/install/my_py_pkg:/opt/ros/foxy /usr/bin/cmake --build /home/ubuntu/ros2_ws/src/pumpkin_bot_description/build/pumpkin_bot_description -- -j4 -l4
[1.873s] DEBUG:colcon.colcon_core.event_handler.log_command:Invoked command in '/home/ubuntu/ros2_ws/src/pumpkin_bot_description/build/pumpkin_bot_description' returned '0': CMAKE_PREFIX_PATH=${CMAKE_PREFIX_PATH}:/home/ubuntu/ros2_ws/install/pumpkin_py_pkg:/home/ubuntu/ros2_ws/install/my_py_pkg:/opt/ros/foxy /usr/bin/cmake --build /home/ubuntu/ros2_ws/src/pumpkin_bot_description/build/pumpkin_bot_description -- -j4 -l4
[2.065s] DEBUG:colcon.colcon_core.event_handler.log_command:Invoking command in '/home/ubuntu/ros2_ws/src/pumpkin_bot_description/build/pumpkin_bot_description': CMAKE_PREFIX_PATH=${CMAKE_PREFIX_PATH}:/home/ubuntu/ros2_ws/install/pumpkin_py_pkg:/home/ubuntu/ros2_ws/install/my_py_pkg:/opt/ros/foxy /usr/bin/cmake --install /home/ubuntu/ros2_ws/src/pumpkin_bot_description/build/pumpkin_bot_description
[2.134s] Level 1:colcon.colcon_core.environment:create_environment_scripts_only(pumpkin_bot_description)
[2.186s] Level 1:colcon.colcon_core.environment:checking '/home/ubuntu/ros2_ws/src/pumpkin_bot_description/install/pumpkin_bot_description' for CMake module files
[2.203s] DEBUG:colcon.colcon_core.event_handler.log_command:Invoked command in '/home/ubuntu/ros2_ws/src/pumpkin_bot_description/build/pumpkin_bot_description' returned '0': CMAKE_PREFIX_PATH=${CMAKE_PREFIX_PATH}:/home/ubuntu/ros2_ws/install/pumpkin_py_pkg:/home/ubuntu/ros2_ws/install/my_py_pkg:/opt/ros/foxy /usr/bin/cmake --install /home/ubuntu/ros2_ws/src/pumpkin_bot_description/build/pumpkin_bot_description
[2.212s] Level 1:colcon.colcon_core.environment:checking '/home/ubuntu/ros2_ws/src/pumpkin_bot_description/install/pumpkin_bot_description' for CMake config files
[2.213s] Level 1:colcon.colcon_core.shell:create_environment_hook('pumpkin_bot_description', 'cmake_prefix_path')
[2.217s] INFO:colcon.colcon_core.shell:Creating environment hook '/home/ubuntu/ros2_ws/src/pumpkin_bot_description/install/pumpkin_bot_description/share/pumpkin_bot_description/hook/cmake_prefix_path.ps1'
[2.236s] INFO:colcon.colcon_core.shell:Creating environment descriptor '/home/ubuntu/ros2_ws/src/pumpkin_bot_description/install/pumpkin_bot_description/share/pumpkin_bot_description/hook/cmake_prefix_path.dsv'
[2.241s] INFO:colcon.colcon_core.shell:Creating environment hook '/home/ubuntu/ros2_ws/src/pumpkin_bot_description/install/pumpkin_bot_description/share/pumpkin_bot_description/hook/cmake_prefix_path.sh'
[2.255s] Level 1:colcon.colcon_core.environment:checking '/home/ubuntu/ros2_ws/src/pumpkin_bot_description/install/pumpkin_bot_description/bin'
[2.256s] Level 1:colcon.colcon_core.environment:checking '/home/ubuntu/ros2_ws/src/pumpkin_bot_description/install/pumpkin_bot_description/lib/pkgconfig/pumpkin_bot_description.pc'
[2.258s] Level 1:colcon.colcon_core.environment:checking '/home/ubuntu/ros2_ws/src/pumpkin_bot_description/install/pumpkin_bot_description/lib/python3.8/site-packages'
[2.264s] INFO:colcon.colcon_core.shell:Creating package script '/home/ubuntu/ros2_ws/src/pumpkin_bot_description/install/pumpkin_bot_description/share/pumpkin_bot_description/package.ps1'
[2.271s] INFO:colcon.colcon_core.shell:Creating package descriptor '/home/ubuntu/ros2_ws/src/pumpkin_bot_description/install/pumpkin_bot_description/share/pumpkin_bot_description/package.dsv'
[2.275s] INFO:colcon.colcon_core.shell:Creating package script '/home/ubuntu/ros2_ws/src/pumpkin_bot_description/install/pumpkin_bot_description/share/pumpkin_bot_description/package.sh'
[2.280s] INFO:colcon.colcon_core.shell:Creating package script '/home/ubuntu/ros2_ws/src/pumpkin_bot_description/install/pumpkin_bot_description/share/pumpkin_bot_description/package.bash'
[2.289s] INFO:colcon.colcon_core.shell:Creating package script '/home/ubuntu/ros2_ws/src/pumpkin_bot_description/install/pumpkin_bot_description/share/pumpkin_bot_description/package.zsh'
[2.296s] Level 1:colcon.colcon_core.environment:create_file_with_runtime_dependencies(/home/ubuntu/ros2_ws/src/pumpkin_bot_description/install/pumpkin_bot_description/share/colcon-core/packages/pumpkin_bot_description)
[2.431s] Level 1:colcon.colcon_core.environment:create_environment_scripts_only(pumpkin_bot_description)
[2.436s] Level 1:colcon.colcon_core.environment:checking '/home/ubuntu/ros2_ws/src/pumpkin_bot_description/install/pumpkin_bot_description' for CMake module files
[2.441s] Level 1:colcon.colcon_core.environment:checking '/home/ubuntu/ros2_ws/src/pumpkin_bot_description/install/pumpkin_bot_description' for CMake config files
[2.442s] Level 1:colcon.colcon_core.shell:create_environment_hook('pumpkin_bot_description', 'cmake_prefix_path')
[2.445s] INFO:colcon.colcon_core.shell:Creating environment hook '/home/ubuntu/ros2_ws/src/pumpkin_bot_description/install/pumpkin_bot_description/share/pumpkin_bot_description/hook/cmake_prefix_path.ps1'
[2.448s] INFO:colcon.colcon_core.shell:Creating environment descriptor '/home/ubuntu/ros2_ws/src/pumpkin_bot_description/install/pumpkin_bot_description/share/pumpkin_bot_description/hook/cmake_prefix_path.dsv'
[2.450s] INFO:colcon.colcon_core.shell:Creating environment hook '/home/ubuntu/ros2_ws/src/pumpkin_bot_description/install/pumpkin_bot_description/share/pumpkin_bot_description/hook/cmake_prefix_path.sh'
[2.454s] Level 1:colcon.colcon_core.environment:checking '/home/ubuntu/ros2_ws/src/pumpkin_bot_description/install/pumpkin_bot_description/bin'
[2.454s] Level 1:colcon.colcon_core.environment:checking '/home/ubuntu/ros2_ws/src/pumpkin_bot_description/install/pumpkin_bot_description/lib/pkgconfig/pumpkin_bot_description.pc'
[2.455s] Level 1:colcon.colcon_core.environment:checking '/home/ubuntu/ros2_ws/src/pumpkin_bot_description/install/pumpkin_bot_description/lib/python3.8/site-packages'
[2.458s] INFO:colcon.colcon_core.shell:Creating package script '/home/ubuntu/ros2_ws/src/pumpkin_bot_description/install/pumpkin_bot_description/share/pumpkin_bot_description/package.ps1'
[2.461s] INFO:colcon.colcon_core.shell:Creating package descriptor '/home/ubuntu/ros2_ws/src/pumpkin_bot_description/install/pumpkin_bot_description/share/pumpkin_bot_description/package.dsv'
[2.464s] INFO:colcon.colcon_core.shell:Creating package script '/home/ubuntu/ros2_ws/src/pumpkin_bot_description/install/pumpkin_bot_description/share/pumpkin_bot_description/package.sh'
[2.467s] INFO:colcon.colcon_core.shell:Creating package script '/home/ubuntu/ros2_ws/src/pumpkin_bot_description/install/pumpkin_bot_description/share/pumpkin_bot_description/package.bash'
[2.469s] INFO:colcon.colcon_core.shell:Creating package script '/home/ubuntu/ros2_ws/src/pumpkin_bot_description/install/pumpkin_bot_description/share/pumpkin_bot_description/package.zsh'
[2.472s] Level 1:colcon.colcon_core.environment:create_file_with_runtime_dependencies(/home/ubuntu/ros2_ws/src/pumpkin_bot_description/install/pumpkin_bot_description/share/colcon-core/packages/pumpkin_bot_description)
[2.474s] DEBUG:colcon.colcon_parallel_executor.executor.parallel:closing loop
[2.475s] DEBUG:colcon.colcon_parallel_executor.executor.parallel:loop closed
[2.478s] DEBUG:colcon.colcon_parallel_executor.executor.parallel:run_until_complete finished with '0'
[2.478s] DEBUG:colcon.colcon_core.event_reactor:joining thread
[2.517s] INFO:colcon.colcon_core.plugin_system:Skipping extension 'colcon_notification.desktop_notification.terminal_notifier': Not used on non-Darwin systems
[2.518s] INFO:colcon.colcon_core.plugin_system:Skipping extension 'colcon_notification.desktop_notification.win32': Not used on non-Windows systems
[2.518s] INFO:colcon.colcon_notification.desktop_notification:Sending desktop notification using 'notify2'
[2.593s] DEBUG:colcon.colcon_core.event_reactor:joined thread
[2.597s] INFO:colcon.colcon_core.shell:Creating prefix script '/home/ubuntu/ros2_ws/src/pumpkin_bot_description/install/local_setup.ps1'
[2.601s] INFO:colcon.colcon_core.shell:Creating prefix util module '/home/ubuntu/ros2_ws/src/pumpkin_bot_description/install/_local_setup_util_ps1.py'
[2.607s] INFO:colcon.colcon_core.shell:Creating prefix chain script '/home/ubuntu/ros2_ws/src/pumpkin_bot_description/install/setup.ps1'
[2.643s] INFO:colcon.colcon_core.shell:Creating prefix script '/home/ubuntu/ros2_ws/src/pumpkin_bot_description/install/local_setup.sh'
[2.646s] INFO:colcon.colcon_core.shell:Creating prefix util module '/home/ubuntu/ros2_ws/src/pumpkin_bot_description/install/_local_setup_util_sh.py'
[2.649s] INFO:colcon.colcon_core.shell:Creating prefix chain script '/home/ubuntu/ros2_ws/src/pumpkin_bot_description/install/setup.sh'
[2.663s] INFO:colcon.colcon_core.shell:Creating prefix script '/home/ubuntu/ros2_ws/src/pumpkin_bot_description/install/local_setup.bash'
[2.666s] INFO:colcon.colcon_core.shell:Creating prefix chain script '/home/ubuntu/ros2_ws/src/pumpkin_bot_description/install/setup.bash'
[2.680s] INFO:colcon.colcon_core.shell:Creating prefix script '/home/ubuntu/ros2_ws/src/pumpkin_bot_description/install/local_setup.zsh'
[2.683s] INFO:colcon.colcon_core.shell:Creating prefix chain script '/home/ubuntu/ros2_ws/src/pumpkin_bot_description/install/setup.zsh'
