-- Install configuration: ""
-- Up-to-date: /home/ubuntu/ros2_ws/src/pumpkin_bot_description/install/pumpkin_bot_description/share/pumpkin_bot_description/src
-- Up-to-date: /home/ubuntu/ros2_ws/src/pumpkin_bot_description/install/pumpkin_bot_description/share/pumpkin_bot_description/src/description
-- Installing: /home/ubuntu/ros2_ws/src/pumpkin_bot_description/install/pumpkin_bot_description/share/pumpkin_bot_description/src/description/pumpkin_bot_description.urdf
-- Up-to-date: /home/ubuntu/ros2_ws/src/pumpkin_bot_description/install/pumpkin_bot_description/share/pumpkin_bot_description/launch
-- Up-to-date: /home/ubuntu/ros2_ws/src/pumpkin_bot_description/install/pumpkin_bot_description/share/pumpkin_bot_description/launch/display.launch.py
-- Up-to-date: /home/ubuntu/ros2_ws/src/pumpkin_bot_description/install/pumpkin_bot_description/share/pumpkin_bot_description/rviz
-- Up-to-date: /home/ubuntu/ros2_ws/src/pumpkin_bot_description/install/pumpkin_bot_description/share/pumpkin_bot_description/rviz/urdf_config.rviz
-- Up-to-date: /home/ubuntu/ros2_ws/src/pumpkin_bot_description/install/pumpkin_bot_description/share/ament_index/resource_index/package_run_dependencies/pumpkin_bot_description
-- Up-to-date: /home/ubuntu/ros2_ws/src/pumpkin_bot_description/install/pumpkin_bot_description/share/ament_index/resource_index/parent_prefix_path/pumpkin_bot_description
-- Up-to-date: /home/ubuntu/ros2_ws/src/pumpkin_bot_description/install/pumpkin_bot_description/share/pumpkin_bot_description/environment/ament_prefix_path.sh
-- Up-to-date: /home/ubuntu/ros2_ws/src/pumpkin_bot_description/install/pumpkin_bot_description/share/pumpkin_bot_description/environment/ament_prefix_path.dsv
-- Up-to-date: /home/ubuntu/ros2_ws/src/pumpkin_bot_description/install/pumpkin_bot_description/share/pumpkin_bot_description/environment/path.sh
-- Up-to-date: /home/ubuntu/ros2_ws/src/pumpkin_bot_description/install/pumpkin_bot_description/share/pumpkin_bot_description/environment/path.dsv
-- Up-to-date: /home/ubuntu/ros2_ws/src/pumpkin_bot_description/install/pumpkin_bot_description/share/pumpkin_bot_description/local_setup.bash
-- Up-to-date: /home/ubuntu/ros2_ws/src/pumpkin_bot_description/install/pumpkin_bot_description/share/pumpkin_bot_description/local_setup.sh
-- Up-to-date: /home/ubuntu/ros2_ws/src/pumpkin_bot_description/install/pumpkin_bot_description/share/pumpkin_bot_description/local_setup.zsh
-- Up-to-date: /home/ubuntu/ros2_ws/src/pumpkin_bot_description/install/pumpkin_bot_description/share/pumpkin_bot_description/local_setup.dsv
-- Installing: /home/ubuntu/ros2_ws/src/pumpkin_bot_description/install/pumpkin_bot_description/share/pumpkin_bot_description/package.dsv
-- Up-to-date: /home/ubuntu/ros2_ws/src/pumpkin_bot_description/install/pumpkin_bot_description/share/ament_index/resource_index/packages/pumpkin_bot_description
-- Up-to-date: /home/ubuntu/ros2_ws/src/pumpkin_bot_description/install/pumpkin_bot_description/share/pumpkin_bot_description/cmake/pumpkin_bot_descriptionConfig.cmake
-- Up-to-date: /home/ubuntu/ros2_ws/src/pumpkin_bot_description/install/pumpkin_bot_description/share/pumpkin_bot_description/cmake/pumpkin_bot_descriptionConfig-version.cmake
-- Up-to-date: /home/ubuntu/ros2_ws/src/pumpkin_bot_description/install/pumpkin_bot_description/share/pumpkin_bot_description/package.xml
