[0.006s] Invoking command in '/home/ubuntu/ros2_ws/build/pumpkin_bot_bringup': AMENT_PREFIX_PATH=/home/ubuntu/ros2_ws/install/pumpkin_py_pkg:/home/ubuntu/ros2_ws/install/pumpkin_bot_description:${AMENT_PREFIX_PATH} CMAKE_PREFIX_PATH=/home/ubuntu/ros2_ws/install/pumpkin_bot_description:/opt/ros/humble CONDA_PROMPT_MODIFIER=(base) PYTHONPATH=/home/ubuntu/ros2_ws/install/pumpkin_py_pkg/lib/python3.10/site-packages:${PYTHONPATH} /usr/bin/cmake /home/ubuntu/ros2_ws/pumpkin_bot_bringup -DCMAKE_INSTALL_PREFIX=/home/ubuntu/ros2_ws/install/pumpkin_bot_bringup
[0.050s] -- The C compiler identification is GNU 11.2.0
[0.099s] -- The CXX compiler identification is GNU 11.2.0
[0.105s] -- Detecting C compiler ABI info
[0.167s] -- Detecting C compiler ABI info - done
[0.181s] -- Check for working C compiler: /usr/bin/cc - skipped
[0.181s] -- Detecting C compile features
[0.182s] -- Detecting C compile features - done
[0.186s] -- Detecting CXX compiler ABI info
[0.256s] -- Detecting CXX compiler ABI info - done
[0.263s] -- Check for working CXX compiler: /usr/bin/c++ - skipped
[0.264s] -- Detecting CXX compile features
[0.264s] -- Detecting CXX compile features - done
[0.266s] -- Found ament_cmake: 1.3.2 (/opt/ros/humble/share/ament_cmake/cmake)
[0.441s] -- Found Python3: /usr/bin/python3.10 (found version "3.10.4") found components: Interpreter 
[0.576s] -- Configuring done
[0.580s] -- Generating done
[0.581s] -- Build files have been written to: /home/ubuntu/ros2_ws/build/pumpkin_bot_bringup
[0.588s] Invoked command in '/home/ubuntu/ros2_ws/build/pumpkin_bot_bringup' returned '0': AMENT_PREFIX_PATH=/home/ubuntu/ros2_ws/install/pumpkin_py_pkg:/home/ubuntu/ros2_ws/install/pumpkin_bot_description:${AMENT_PREFIX_PATH} CMAKE_PREFIX_PATH=/home/ubuntu/ros2_ws/install/pumpkin_bot_description:/opt/ros/humble CONDA_PROMPT_MODIFIER=(base) PYTHONPATH=/home/ubuntu/ros2_ws/install/pumpkin_py_pkg/lib/python3.10/site-packages:${PYTHONPATH} /usr/bin/cmake /home/ubuntu/ros2_ws/pumpkin_bot_bringup -DCMAKE_INSTALL_PREFIX=/home/ubuntu/ros2_ws/install/pumpkin_bot_bringup
[0.589s] Invoking command in '/home/ubuntu/ros2_ws/build/pumpkin_bot_bringup': AMENT_PREFIX_PATH=/home/ubuntu/ros2_ws/install/pumpkin_py_pkg:/home/ubuntu/ros2_ws/install/pumpkin_bot_description:${AMENT_PREFIX_PATH} CMAKE_PREFIX_PATH=/home/ubuntu/ros2_ws/install/pumpkin_bot_description:/opt/ros/humble CONDA_PROMPT_MODIFIER=(base) PYTHONPATH=/home/ubuntu/ros2_ws/install/pumpkin_py_pkg/lib/python3.10/site-packages:${PYTHONPATH} /usr/bin/cmake --build /home/ubuntu/ros2_ws/build/pumpkin_bot_bringup -- -j8 -l8
[0.619s] Invoked command in '/home/ubuntu/ros2_ws/build/pumpkin_bot_bringup' returned '0': AMENT_PREFIX_PATH=/home/ubuntu/ros2_ws/install/pumpkin_py_pkg:/home/ubuntu/ros2_ws/install/pumpkin_bot_description:${AMENT_PREFIX_PATH} CMAKE_PREFIX_PATH=/home/ubuntu/ros2_ws/install/pumpkin_bot_description:/opt/ros/humble CONDA_PROMPT_MODIFIER=(base) PYTHONPATH=/home/ubuntu/ros2_ws/install/pumpkin_py_pkg/lib/python3.10/site-packages:${PYTHONPATH} /usr/bin/cmake --build /home/ubuntu/ros2_ws/build/pumpkin_bot_bringup -- -j8 -l8
[0.637s] Invoking command in '/home/ubuntu/ros2_ws/build/pumpkin_bot_bringup': AMENT_PREFIX_PATH=/home/ubuntu/ros2_ws/install/pumpkin_py_pkg:/home/ubuntu/ros2_ws/install/pumpkin_bot_description:${AMENT_PREFIX_PATH} CMAKE_PREFIX_PATH=/home/ubuntu/ros2_ws/install/pumpkin_bot_description:/opt/ros/humble CONDA_PROMPT_MODIFIER=(base) PYTHONPATH=/home/ubuntu/ros2_ws/install/pumpkin_py_pkg/lib/python3.10/site-packages:${PYTHONPATH} /usr/bin/cmake --install /home/ubuntu/ros2_ws/build/pumpkin_bot_bringup
[0.644s] -- Install configuration: ""
[0.644s] -- Installing: /home/ubuntu/ros2_ws/install/pumpkin_bot_bringup/share/pumpkin_bot_bringup/launch
[0.644s] -- Installing: /home/ubuntu/ros2_ws/install/pumpkin_bot_bringup/share/pumpkin_bot_bringup/launch/pumpkin_right.png
[0.645s] -- Installing: /home/ubuntu/ros2_ws/install/pumpkin_bot_bringup/share/pumpkin_bot_bringup/launch/pumpkin_bot_launch.py
[0.645s] -- Installing: /home/ubuntu/ros2_ws/install/pumpkin_bot_bringup/share/pumpkin_bot_bringup/launch/pumpkin.png
[0.645s] -- Installing: /home/ubuntu/ros2_ws/install/pumpkin_bot_bringup/share/pumpkin_bot_bringup/launch/pumpkin_left.png
[0.646s] -- Installing: /home/ubuntu/ros2_ws/install/pumpkin_bot_bringup/share/pumpkin_bot_bringup/launch/pumpkin_center.png
[0.646s] -- Installing: /home/ubuntu/ros2_ws/install/pumpkin_bot_bringup/share/pumpkin_bot_bringup/launch/pumpkin_dead.png
[0.646s] -- Installing: /home/ubuntu/ros2_ws/install/pumpkin_bot_bringup/share/pumpkin_bot_bringup/config
[0.647s] -- Installing: /home/ubuntu/ros2_ws/install/pumpkin_bot_bringup/share/pumpkin_bot_bringup/config/slam_toolbox_mapper_params_online_sync.yaml
[0.647s] -- Installing: /home/ubuntu/ros2_ws/install/pumpkin_bot_bringup/share/pumpkin_bot_bringup/config/slam_toolbox_mapper_params_offline.yaml
[0.647s] -- Installing: /home/ubuntu/ros2_ws/install/pumpkin_bot_bringup/share/pumpkin_bot_bringup/config/slam_toolbox_mapper_params_localization.yaml
[0.647s] -- Installing: /home/ubuntu/ros2_ws/install/pumpkin_bot_bringup/share/pumpkin_bot_bringup/config/nav2_params.yaml
[0.647s] -- Installing: /home/ubuntu/ros2_ws/install/pumpkin_bot_bringup/share/pumpkin_bot_bringup/config/slam_toolbox_mapper_params_online_async.yaml
[0.647s] -- Installing: /home/ubuntu/ros2_ws/install/pumpkin_bot_bringup/share/ament_index/resource_index/package_run_dependencies/pumpkin_bot_bringup
[0.647s] -- Installing: /home/ubuntu/ros2_ws/install/pumpkin_bot_bringup/share/ament_index/resource_index/parent_prefix_path/pumpkin_bot_bringup
[0.647s] -- Installing: /home/ubuntu/ros2_ws/install/pumpkin_bot_bringup/share/pumpkin_bot_bringup/environment/ament_prefix_path.sh
[0.647s] -- Installing: /home/ubuntu/ros2_ws/install/pumpkin_bot_bringup/share/pumpkin_bot_bringup/environment/ament_prefix_path.dsv
[0.648s] -- Installing: /home/ubuntu/ros2_ws/install/pumpkin_bot_bringup/share/pumpkin_bot_bringup/environment/path.sh
[0.648s] -- Installing: /home/ubuntu/ros2_ws/install/pumpkin_bot_bringup/share/pumpkin_bot_bringup/environment/path.dsv
[0.648s] -- Installing: /home/ubuntu/ros2_ws/install/pumpkin_bot_bringup/share/pumpkin_bot_bringup/local_setup.bash
[0.648s] -- Installing: /home/ubuntu/ros2_ws/install/pumpkin_bot_bringup/share/pumpkin_bot_bringup/local_setup.sh
[0.648s] -- Installing: /home/ubuntu/ros2_ws/install/pumpkin_bot_bringup/share/pumpkin_bot_bringup/local_setup.zsh
[0.648s] -- Installing: /home/ubuntu/ros2_ws/install/pumpkin_bot_bringup/share/pumpkin_bot_bringup/local_setup.dsv
[0.648s] -- Installing: /home/ubuntu/ros2_ws/install/pumpkin_bot_bringup/share/pumpkin_bot_bringup/package.dsv
[0.648s] -- Installing: /home/ubuntu/ros2_ws/install/pumpkin_bot_bringup/share/ament_index/resource_index/packages/pumpkin_bot_bringup
[0.649s] -- Installing: /home/ubuntu/ros2_ws/install/pumpkin_bot_bringup/share/pumpkin_bot_bringup/cmake/pumpkin_bot_bringupConfig.cmake
[0.649s] -- Installing: /home/ubuntu/ros2_ws/install/pumpkin_bot_bringup/share/pumpkin_bot_bringup/cmake/pumpkin_bot_bringupConfig-version.cmake
[0.649s] -- Installing: /home/ubuntu/ros2_ws/install/pumpkin_bot_bringup/share/pumpkin_bot_bringup/package.xml
[0.655s] Invoked command in '/home/ubuntu/ros2_ws/build/pumpkin_bot_bringup' returned '0': AMENT_PREFIX_PATH=/home/ubuntu/ros2_ws/install/pumpkin_py_pkg:/home/ubuntu/ros2_ws/install/pumpkin_bot_description:${AMENT_PREFIX_PATH} CMAKE_PREFIX_PATH=/home/ubuntu/ros2_ws/install/pumpkin_bot_description:/opt/ros/humble CONDA_PROMPT_MODIFIER=(base) PYTHONPATH=/home/ubuntu/ros2_ws/install/pumpkin_py_pkg/lib/python3.10/site-packages:${PYTHONPATH} /usr/bin/cmake --install /home/ubuntu/ros2_ws/build/pumpkin_bot_bringup
