[0.269s] DEBUG:colcon:Command line arguments: ['/usr/bin/colcon', 'build']
[0.270s] DEBUG:colcon:Parsed command line arguments: Namespace(log_base=None, log_level=None, verb_name='build', build_base='build', install_base='install', merge_install=False, symlink_install=False, test_result_base=None, continue_on_error=False, executor='parallel', parallel_workers=8, event_handlers=None, ignore_user_meta=False, metas=['./colcon.meta'], base_paths=['.'], packages_ignore=None, packages_ignore_regex=None, paths=None, packages_up_to=None, packages_up_to_regex=None, packages_above=None, packages_above_and_dependencies=None, packages_above_depth=None, packages_select_by_dep=None, packages_skip_by_dep=None, packages_skip_up_to=None, packages_select_build_failed=False, packages_skip_build_finished=False, packages_select_test_failures=False, packages_skip_test_passed=False, packages_select=None, packages_skip=None, packages_select_regex=None, packages_skip_regex=None, packages_start=None, packages_end=None, allow_overriding=[], cmake_args=None, cmake_target=None, cmake_target_skip_unavailable=False, cmake_clean_cache=False, cmake_clean_first=False, cmake_force_configure=False, ament_cmake_args=None, catkin_cmake_args=None, catkin_skip_building_tests=False, verb_parser=<colcon_defaults.argument_parser.defaults.DefaultArgumentsDecorator object at 0x7f9371c15c00>, verb_extension=<colcon_core.verb.build.BuildVerb object at 0x7f93725b2710>, main=<bound method BuildVerb.main of <colcon_core.verb.build.BuildVerb object at 0x7f93725b2710>>)
[0.291s] Level 1:colcon.colcon_core.package_discovery:discover_packages(colcon_meta) check parameters
[0.291s] Level 1:colcon.colcon_core.package_discovery:discover_packages(recursive) check parameters
[0.291s] Level 1:colcon.colcon_core.package_discovery:discover_packages(ignore) check parameters
[0.291s] Level 1:colcon.colcon_core.package_discovery:discover_packages(path) check parameters
[0.291s] Level 1:colcon.colcon_core.package_discovery:discover_packages(colcon_meta) discover
[0.291s] Level 1:colcon.colcon_core.package_discovery:discover_packages(recursive) discover
[0.292s] INFO:colcon.colcon_core.package_discovery:Crawling recursively for packages in '/home/ubuntu/ros2_ws'
[0.292s] Level 1:colcon.colcon_core.package_identification:_identify(.) by extensions ['ignore', 'ignore_ament_install']
[0.292s] Level 1:colcon.colcon_core.package_identification:_identify(.) by extension 'ignore'
[0.292s] Level 1:colcon.colcon_core.package_identification:_identify(.) by extension 'ignore_ament_install'
[0.292s] Level 1:colcon.colcon_core.package_identification:_identify(.) by extensions ['colcon_pkg']
[0.292s] Level 1:colcon.colcon_core.package_identification:_identify(.) by extension 'colcon_pkg'
[0.292s] Level 1:colcon.colcon_core.package_identification:_identify(.) by extensions ['colcon_meta']
[0.292s] Level 1:colcon.colcon_core.package_identification:_identify(.) by extension 'colcon_meta'
[0.292s] Level 1:colcon.colcon_core.package_identification:_identify(.) by extensions ['ros']
[0.292s] Level 1:colcon.colcon_core.package_identification:_identify(.) by extension 'ros'
[0.311s] Level 1:colcon.colcon_core.package_identification:_identify(.) by extensions ['cmake', 'python']
[0.311s] Level 1:colcon.colcon_core.package_identification:_identify(.) by extension 'cmake'
[0.311s] Level 1:colcon.colcon_core.package_identification:_identify(.) by extension 'python'
[0.311s] Level 1:colcon.colcon_core.package_identification:_identify(.) by extensions ['python_setup_py']
[0.311s] Level 1:colcon.colcon_core.package_identification:_identify(.) by extension 'python_setup_py'
[0.311s] Level 1:colcon.colcon_core.package_identification:_identify(build) by extensions ['ignore', 'ignore_ament_install']
[0.311s] Level 1:colcon.colcon_core.package_identification:_identify(build) by extension 'ignore'
[0.312s] Level 1:colcon.colcon_core.package_identification:_identify(build) ignored
[0.312s] Level 1:colcon.colcon_core.package_identification:_identify(install) by extensions ['ignore', 'ignore_ament_install']
[0.312s] Level 1:colcon.colcon_core.package_identification:_identify(install) by extension 'ignore'
[0.312s] Level 1:colcon.colcon_core.package_identification:_identify(install) ignored
[0.312s] Level 1:colcon.colcon_core.package_identification:_identify(log) by extensions ['ignore', 'ignore_ament_install']
[0.312s] Level 1:colcon.colcon_core.package_identification:_identify(log) by extension 'ignore'
[0.312s] Level 1:colcon.colcon_core.package_identification:_identify(log) ignored
[0.312s] Level 1:colcon.colcon_core.package_identification:_identify(pumpkin_bot_bringup) by extensions ['ignore', 'ignore_ament_install']
[0.312s] Level 1:colcon.colcon_core.package_identification:_identify(pumpkin_bot_bringup) by extension 'ignore'
[0.312s] Level 1:colcon.colcon_core.package_identification:_identify(pumpkin_bot_bringup) by extension 'ignore_ament_install'
[0.312s] Level 1:colcon.colcon_core.package_identification:_identify(pumpkin_bot_bringup) by extensions ['colcon_pkg']
[0.312s] Level 1:colcon.colcon_core.package_identification:_identify(pumpkin_bot_bringup) by extension 'colcon_pkg'
[0.312s] Level 1:colcon.colcon_core.package_identification:_identify(pumpkin_bot_bringup) by extensions ['colcon_meta']
[0.312s] Level 1:colcon.colcon_core.package_identification:_identify(pumpkin_bot_bringup) by extension 'colcon_meta'
[0.312s] Level 1:colcon.colcon_core.package_identification:_identify(pumpkin_bot_bringup) by extensions ['ros']
[0.312s] Level 1:colcon.colcon_core.package_identification:_identify(pumpkin_bot_bringup) by extension 'ros'
[0.314s] DEBUG:colcon.colcon_core.package_identification:Package 'pumpkin_bot_bringup' with type 'ros.ament_cmake' and name 'pumpkin_bot_bringup'
[0.315s] Level 1:colcon.colcon_core.package_identification:_identify(pumpkin_bot_description) by extensions ['ignore', 'ignore_ament_install']
[0.315s] Level 1:colcon.colcon_core.package_identification:_identify(pumpkin_bot_description) by extension 'ignore'
[0.315s] Level 1:colcon.colcon_core.package_identification:_identify(pumpkin_bot_description) by extension 'ignore_ament_install'
[0.315s] Level 1:colcon.colcon_core.package_identification:_identify(pumpkin_bot_description) by extensions ['colcon_pkg']
[0.315s] Level 1:colcon.colcon_core.package_identification:_identify(pumpkin_bot_description) by extension 'colcon_pkg'
[0.315s] Level 1:colcon.colcon_core.package_identification:_identify(pumpkin_bot_description) by extensions ['colcon_meta']
[0.315s] Level 1:colcon.colcon_core.package_identification:_identify(pumpkin_bot_description) by extension 'colcon_meta'
[0.315s] Level 1:colcon.colcon_core.package_identification:_identify(pumpkin_bot_description) by extensions ['ros']
[0.315s] Level 1:colcon.colcon_core.package_identification:_identify(pumpkin_bot_description) by extension 'ros'
[0.315s] DEBUG:colcon.colcon_core.package_identification:Package 'pumpkin_bot_description' with type 'ros.ament_cmake' and name 'pumpkin_bot_description'
[0.316s] Level 1:colcon.colcon_core.package_identification:_identify(pumpkin_cpp_pkg) by extensions ['ignore', 'ignore_ament_install']
[0.316s] Level 1:colcon.colcon_core.package_identification:_identify(pumpkin_cpp_pkg) by extension 'ignore'
[0.316s] Level 1:colcon.colcon_core.package_identification:_identify(pumpkin_cpp_pkg) by extension 'ignore_ament_install'
[0.316s] Level 1:colcon.colcon_core.package_identification:_identify(pumpkin_cpp_pkg) by extensions ['colcon_pkg']
[0.316s] Level 1:colcon.colcon_core.package_identification:_identify(pumpkin_cpp_pkg) by extension 'colcon_pkg'
[0.316s] Level 1:colcon.colcon_core.package_identification:_identify(pumpkin_cpp_pkg) by extensions ['colcon_meta']
[0.316s] Level 1:colcon.colcon_core.package_identification:_identify(pumpkin_cpp_pkg) by extension 'colcon_meta'
[0.316s] Level 1:colcon.colcon_core.package_identification:_identify(pumpkin_cpp_pkg) by extensions ['ros']
[0.316s] Level 1:colcon.colcon_core.package_identification:_identify(pumpkin_cpp_pkg) by extension 'ros'
[0.317s] DEBUG:colcon.colcon_core.package_identification:Package 'pumpkin_cpp_pkg' with type 'ros.ament_cmake' and name 'pumpkin_cpp_pkg'
[0.317s] Level 1:colcon.colcon_core.package_identification:_identify(pumpkin_py_pkg) by extensions ['ignore', 'ignore_ament_install']
[0.317s] Level 1:colcon.colcon_core.package_identification:_identify(pumpkin_py_pkg) by extension 'ignore'
[0.317s] Level 1:colcon.colcon_core.package_identification:_identify(pumpkin_py_pkg) by extension 'ignore_ament_install'
[0.317s] Level 1:colcon.colcon_core.package_identification:_identify(pumpkin_py_pkg) by extensions ['colcon_pkg']
[0.317s] Level 1:colcon.colcon_core.package_identification:_identify(pumpkin_py_pkg) by extension 'colcon_pkg'
[0.317s] Level 1:colcon.colcon_core.package_identification:_identify(pumpkin_py_pkg) by extensions ['colcon_meta']
[0.317s] Level 1:colcon.colcon_core.package_identification:_identify(pumpkin_py_pkg) by extension 'colcon_meta'
[0.317s] Level 1:colcon.colcon_core.package_identification:_identify(pumpkin_py_pkg) by extensions ['ros']
[0.317s] Level 1:colcon.colcon_core.package_identification:_identify(pumpkin_py_pkg) by extension 'ros'
[0.319s] DEBUG:colcon.colcon_core.package_identification:Package 'pumpkin_py_pkg' with type 'ros.ament_python' and name 'pumpkin_py_pkg'
[0.319s] Level 1:colcon.colcon_core.package_identification:_identify(rplidar_ros2) by extensions ['ignore', 'ignore_ament_install']
[0.319s] Level 1:colcon.colcon_core.package_identification:_identify(rplidar_ros2) by extension 'ignore'
[0.319s] Level 1:colcon.colcon_core.package_identification:_identify(rplidar_ros2) by extension 'ignore_ament_install'
[0.319s] Level 1:colcon.colcon_core.package_identification:_identify(rplidar_ros2) by extensions ['colcon_pkg']
[0.319s] Level 1:colcon.colcon_core.package_identification:_identify(rplidar_ros2) by extension 'colcon_pkg'
[0.319s] Level 1:colcon.colcon_core.package_identification:_identify(rplidar_ros2) by extensions ['colcon_meta']
[0.319s] Level 1:colcon.colcon_core.package_identification:_identify(rplidar_ros2) by extension 'colcon_meta'
[0.319s] Level 1:colcon.colcon_core.package_identification:_identify(rplidar_ros2) by extensions ['ros']
[0.319s] Level 1:colcon.colcon_core.package_identification:_identify(rplidar_ros2) by extension 'ros'
[0.320s] DEBUG:colcon.colcon_core.package_identification:Package 'rplidar_ros2' with type 'ros.ament_cmake' and name 'rplidar_ros'
[0.320s] Level 1:colcon.colcon_core.package_discovery:discover_packages(recursive) using defaults
[0.320s] Level 1:colcon.colcon_core.package_discovery:discover_packages(ignore) discover
[0.320s] Level 1:colcon.colcon_core.package_discovery:discover_packages(ignore) using defaults
[0.320s] Level 1:colcon.colcon_core.package_discovery:discover_packages(path) discover
[0.320s] Level 1:colcon.colcon_core.package_discovery:discover_packages(path) using defaults
[0.342s] Level 1:colcon.colcon_core.package_discovery:discover_packages(prefix_path) check parameters
[0.342s] Level 1:colcon.colcon_core.package_discovery:discover_packages(prefix_path) discover
[0.345s] DEBUG:colcon.colcon_installed_package_information.package_discovery:Found 270 installed packages in /opt/ros/humble
[0.346s] Level 1:colcon.colcon_core.package_discovery:discover_packages(prefix_path) using defaults
[0.406s] Level 5:colcon.colcon_core.verb:set package 'pumpkin_bot_description' build argument 'cmake_args' from command line to 'None'
[0.406s] Level 5:colcon.colcon_core.verb:set package 'pumpkin_bot_description' build argument 'cmake_target' from command line to 'None'
[0.406s] Level 5:colcon.colcon_core.verb:set package 'pumpkin_bot_description' build argument 'cmake_target_skip_unavailable' from command line to 'False'
[0.406s] Level 5:colcon.colcon_core.verb:set package 'pumpkin_bot_description' build argument 'cmake_clean_cache' from command line to 'False'
[0.406s] Level 5:colcon.colcon_core.verb:set package 'pumpkin_bot_description' build argument 'cmake_clean_first' from command line to 'False'
[0.406s] Level 5:colcon.colcon_core.verb:set package 'pumpkin_bot_description' build argument 'cmake_force_configure' from command line to 'False'
[0.406s] Level 5:colcon.colcon_core.verb:set package 'pumpkin_bot_description' build argument 'ament_cmake_args' from command line to 'None'
[0.406s] Level 5:colcon.colcon_core.verb:set package 'pumpkin_bot_description' build argument 'catkin_cmake_args' from command line to 'None'
[0.406s] Level 5:colcon.colcon_core.verb:set package 'pumpkin_bot_description' build argument 'catkin_skip_building_tests' from command line to 'False'
[0.407s] DEBUG:colcon.colcon_core.verb:Building package 'pumpkin_bot_description' with the following arguments: {'ament_cmake_args': None, 'build_base': '/home/ubuntu/ros2_ws/build/pumpkin_bot_description', 'catkin_cmake_args': None, 'catkin_skip_building_tests': False, 'cmake_args': None, 'cmake_clean_cache': False, 'cmake_clean_first': False, 'cmake_force_configure': False, 'cmake_target': None, 'cmake_target_skip_unavailable': False, 'install_base': '/home/ubuntu/ros2_ws/install/pumpkin_bot_description', 'merge_install': False, 'path': '/home/ubuntu/ros2_ws/pumpkin_bot_description', 'symlink_install': False, 'test_result_base': None}
[0.407s] Level 5:colcon.colcon_core.verb:set package 'pumpkin_cpp_pkg' build argument 'cmake_args' from command line to 'None'
[0.407s] Level 5:colcon.colcon_core.verb:set package 'pumpkin_cpp_pkg' build argument 'cmake_target' from command line to 'None'
[0.407s] Level 5:colcon.colcon_core.verb:set package 'pumpkin_cpp_pkg' build argument 'cmake_target_skip_unavailable' from command line to 'False'
[0.407s] Level 5:colcon.colcon_core.verb:set package 'pumpkin_cpp_pkg' build argument 'cmake_clean_cache' from command line to 'False'
[0.407s] Level 5:colcon.colcon_core.verb:set package 'pumpkin_cpp_pkg' build argument 'cmake_clean_first' from command line to 'False'
[0.407s] Level 5:colcon.colcon_core.verb:set package 'pumpkin_cpp_pkg' build argument 'cmake_force_configure' from command line to 'False'
[0.407s] Level 5:colcon.colcon_core.verb:set package 'pumpkin_cpp_pkg' build argument 'ament_cmake_args' from command line to 'None'
[0.407s] Level 5:colcon.colcon_core.verb:set package 'pumpkin_cpp_pkg' build argument 'catkin_cmake_args' from command line to 'None'
[0.408s] Level 5:colcon.colcon_core.verb:set package 'pumpkin_cpp_pkg' build argument 'catkin_skip_building_tests' from command line to 'False'
[0.408s] DEBUG:colcon.colcon_core.verb:Building package 'pumpkin_cpp_pkg' with the following arguments: {'ament_cmake_args': None, 'build_base': '/home/ubuntu/ros2_ws/build/pumpkin_cpp_pkg', 'catkin_cmake_args': None, 'catkin_skip_building_tests': False, 'cmake_args': None, 'cmake_clean_cache': False, 'cmake_clean_first': False, 'cmake_force_configure': False, 'cmake_target': None, 'cmake_target_skip_unavailable': False, 'install_base': '/home/ubuntu/ros2_ws/install/pumpkin_cpp_pkg', 'merge_install': False, 'path': '/home/ubuntu/ros2_ws/pumpkin_cpp_pkg', 'symlink_install': False, 'test_result_base': None}
[0.408s] Level 5:colcon.colcon_core.verb:set package 'pumpkin_py_pkg' build argument 'cmake_args' from command line to 'None'
[0.408s] Level 5:colcon.colcon_core.verb:set package 'pumpkin_py_pkg' build argument 'cmake_target' from command line to 'None'
[0.408s] Level 5:colcon.colcon_core.verb:set package 'pumpkin_py_pkg' build argument 'cmake_target_skip_unavailable' from command line to 'False'
[0.408s] Level 5:colcon.colcon_core.verb:set package 'pumpkin_py_pkg' build argument 'cmake_clean_cache' from command line to 'False'
[0.408s] Level 5:colcon.colcon_core.verb:set package 'pumpkin_py_pkg' build argument 'cmake_clean_first' from command line to 'False'
[0.408s] Level 5:colcon.colcon_core.verb:set package 'pumpkin_py_pkg' build argument 'cmake_force_configure' from command line to 'False'
[0.408s] Level 5:colcon.colcon_core.verb:set package 'pumpkin_py_pkg' build argument 'ament_cmake_args' from command line to 'None'
[0.408s] Level 5:colcon.colcon_core.verb:set package 'pumpkin_py_pkg' build argument 'catkin_cmake_args' from command line to 'None'
[0.409s] Level 5:colcon.colcon_core.verb:set package 'pumpkin_py_pkg' build argument 'catkin_skip_building_tests' from command line to 'False'
[0.409s] DEBUG:colcon.colcon_core.verb:Building package 'pumpkin_py_pkg' with the following arguments: {'ament_cmake_args': None, 'build_base': '/home/ubuntu/ros2_ws/build/pumpkin_py_pkg', 'catkin_cmake_args': None, 'catkin_skip_building_tests': False, 'cmake_args': None, 'cmake_clean_cache': False, 'cmake_clean_first': False, 'cmake_force_configure': False, 'cmake_target': None, 'cmake_target_skip_unavailable': False, 'install_base': '/home/ubuntu/ros2_ws/install/pumpkin_py_pkg', 'merge_install': False, 'path': '/home/ubuntu/ros2_ws/pumpkin_py_pkg', 'symlink_install': False, 'test_result_base': None}
[0.410s] Level 5:colcon.colcon_core.verb:set package 'rplidar_ros' build argument 'cmake_args' from command line to 'None'
[0.410s] Level 5:colcon.colcon_core.verb:set package 'rplidar_ros' build argument 'cmake_target' from command line to 'None'
[0.410s] Level 5:colcon.colcon_core.verb:set package 'rplidar_ros' build argument 'cmake_target_skip_unavailable' from command line to 'False'
[0.410s] Level 5:colcon.colcon_core.verb:set package 'rplidar_ros' build argument 'cmake_clean_cache' from command line to 'False'
[0.410s] Level 5:colcon.colcon_core.verb:set package 'rplidar_ros' build argument 'cmake_clean_first' from command line to 'False'
[0.410s] Level 5:colcon.colcon_core.verb:set package 'rplidar_ros' build argument 'cmake_force_configure' from command line to 'False'
[0.410s] Level 5:colcon.colcon_core.verb:set package 'rplidar_ros' build argument 'ament_cmake_args' from command line to 'None'
[0.410s] Level 5:colcon.colcon_core.verb:set package 'rplidar_ros' build argument 'catkin_cmake_args' from command line to 'None'
[0.410s] Level 5:colcon.colcon_core.verb:set package 'rplidar_ros' build argument 'catkin_skip_building_tests' from command line to 'False'
[0.410s] DEBUG:colcon.colcon_core.verb:Building package 'rplidar_ros' with the following arguments: {'ament_cmake_args': None, 'build_base': '/home/ubuntu/ros2_ws/build/rplidar_ros', 'catkin_cmake_args': None, 'catkin_skip_building_tests': False, 'cmake_args': None, 'cmake_clean_cache': False, 'cmake_clean_first': False, 'cmake_force_configure': False, 'cmake_target': None, 'cmake_target_skip_unavailable': False, 'install_base': '/home/ubuntu/ros2_ws/install/rplidar_ros', 'merge_install': False, 'path': '/home/ubuntu/ros2_ws/rplidar_ros2', 'symlink_install': False, 'test_result_base': None}
[0.411s] Level 5:colcon.colcon_core.verb:set package 'pumpkin_bot_bringup' build argument 'cmake_args' from command line to 'None'
[0.411s] Level 5:colcon.colcon_core.verb:set package 'pumpkin_bot_bringup' build argument 'cmake_target' from command line to 'None'
[0.411s] Level 5:colcon.colcon_core.verb:set package 'pumpkin_bot_bringup' build argument 'cmake_target_skip_unavailable' from command line to 'False'
[0.411s] Level 5:colcon.colcon_core.verb:set package 'pumpkin_bot_bringup' build argument 'cmake_clean_cache' from command line to 'False'
[0.411s] Level 5:colcon.colcon_core.verb:set package 'pumpkin_bot_bringup' build argument 'cmake_clean_first' from command line to 'False'
[0.411s] Level 5:colcon.colcon_core.verb:set package 'pumpkin_bot_bringup' build argument 'cmake_force_configure' from command line to 'False'
[0.411s] Level 5:colcon.colcon_core.verb:set package 'pumpkin_bot_bringup' build argument 'ament_cmake_args' from command line to 'None'
[0.411s] Level 5:colcon.colcon_core.verb:set package 'pumpkin_bot_bringup' build argument 'catkin_cmake_args' from command line to 'None'
[0.411s] Level 5:colcon.colcon_core.verb:set package 'pumpkin_bot_bringup' build argument 'catkin_skip_building_tests' from command line to 'False'
[0.411s] DEBUG:colcon.colcon_core.verb:Building package 'pumpkin_bot_bringup' with the following arguments: {'ament_cmake_args': None, 'build_base': '/home/ubuntu/ros2_ws/build/pumpkin_bot_bringup', 'catkin_cmake_args': None, 'catkin_skip_building_tests': False, 'cmake_args': None, 'cmake_clean_cache': False, 'cmake_clean_first': False, 'cmake_force_configure': False, 'cmake_target': None, 'cmake_target_skip_unavailable': False, 'install_base': '/home/ubuntu/ros2_ws/install/pumpkin_bot_bringup', 'merge_install': False, 'path': '/home/ubuntu/ros2_ws/pumpkin_bot_bringup', 'symlink_install': False, 'test_result_base': None}
[0.411s] INFO:colcon.colcon_core.executor:Executing jobs using 'parallel' executor
[0.415s] DEBUG:colcon.colcon_parallel_executor.executor.parallel:run_until_complete
[0.415s] INFO:colcon.colcon_ros.task.ament_cmake.build:Building ROS package in '/home/ubuntu/ros2_ws/pumpkin_bot_description' with build type 'ament_cmake'
[0.415s] INFO:colcon.colcon_cmake.task.cmake.build:Building CMake package in '/home/ubuntu/ros2_ws/pumpkin_bot_description'
[0.419s] INFO:colcon.colcon_core.plugin_system:Skipping extension 'colcon_core.shell.bat': Not used on non-Windows systems
[0.419s] INFO:colcon.colcon_core.shell:Skip shell extension 'powershell' for command environment: Not usable outside of PowerShell
[0.419s] DEBUG:colcon.colcon_core.shell:Skip shell extension 'dsv' for command environment
[0.422s] INFO:colcon.colcon_ros.task.ament_python.build:Building ROS package in '/home/ubuntu/ros2_ws/pumpkin_py_pkg' with build type 'ament_python'
[0.422s] Level 1:colcon.colcon_core.shell:create_environment_hook('pumpkin_py_pkg', 'ament_prefix_path')
[0.424s] INFO:colcon.colcon_core.shell:Creating environment hook '/home/ubuntu/ros2_ws/install/pumpkin_py_pkg/share/pumpkin_py_pkg/hook/ament_prefix_path.ps1'
[0.424s] INFO:colcon.colcon_core.shell:Creating environment descriptor '/home/ubuntu/ros2_ws/install/pumpkin_py_pkg/share/pumpkin_py_pkg/hook/ament_prefix_path.dsv'
[0.425s] INFO:colcon.colcon_core.shell:Creating environment hook '/home/ubuntu/ros2_ws/install/pumpkin_py_pkg/share/pumpkin_py_pkg/hook/ament_prefix_path.sh'
[0.426s] INFO:colcon.colcon_core.shell:Skip shell extension 'powershell' for command environment: Not usable outside of PowerShell
[0.426s] DEBUG:colcon.colcon_core.shell:Skip shell extension 'dsv' for command environment
[0.430s] INFO:colcon.colcon_ros.task.ament_cmake.build:Building ROS package in '/home/ubuntu/ros2_ws/pumpkin_cpp_pkg' with build type 'ament_cmake'
[0.430s] INFO:colcon.colcon_cmake.task.cmake.build:Building CMake package in '/home/ubuntu/ros2_ws/pumpkin_cpp_pkg'
[0.432s] INFO:colcon.colcon_core.shell:Skip shell extension 'powershell' for command environment: Not usable outside of PowerShell
[0.432s] DEBUG:colcon.colcon_core.shell:Skip shell extension 'dsv' for command environment
[0.435s] INFO:colcon.colcon_ros.task.ament_cmake.build:Building ROS package in '/home/ubuntu/ros2_ws/rplidar_ros2' with build type 'ament_cmake'
[0.435s] INFO:colcon.colcon_cmake.task.cmake.build:Building CMake package in '/home/ubuntu/ros2_ws/rplidar_ros2'
[0.436s] INFO:colcon.colcon_core.shell:Skip shell extension 'powershell' for command environment: Not usable outside of PowerShell
[0.436s] DEBUG:colcon.colcon_core.shell:Skip shell extension 'dsv' for command environment
[0.443s] DEBUG:colcon.colcon_core.event_handler.log_command:Invoking command in '/home/ubuntu/ros2_ws/build/pumpkin_bot_description': CMAKE_PREFIX_PATH=/opt/ros/humble CONDA_PROMPT_MODIFIER=(base) /usr/bin/cmake /home/ubuntu/ros2_ws/pumpkin_bot_description -DCMAKE_INSTALL_PREFIX=/home/ubuntu/ros2_ws/install/pumpkin_bot_description
[0.675s] INFO:colcon.colcon_core.task.python.build:Building Python package in '/home/ubuntu/ros2_ws/pumpkin_py_pkg'
[0.676s] INFO:colcon.colcon_core.shell:Skip shell extension 'powershell' for command environment: Not usable outside of PowerShell
[0.676s] DEBUG:colcon.colcon_core.shell:Skip shell extension 'dsv' for command environment
[0.683s] DEBUG:colcon.colcon_core.event_handler.log_command:Invoking command in '/home/ubuntu/ros2_ws/build/pumpkin_cpp_pkg': CMAKE_PREFIX_PATH=/opt/ros/humble CONDA_PROMPT_MODIFIER=(base) /usr/bin/cmake /home/ubuntu/ros2_ws/pumpkin_cpp_pkg -DCMAKE_INSTALL_PREFIX=/home/ubuntu/ros2_ws/install/pumpkin_cpp_pkg
[0.689s] DEBUG:colcon.colcon_core.event_handler.log_command:Invoking command in '/home/ubuntu/ros2_ws/build/rplidar_ros': CMAKE_PREFIX_PATH=/opt/ros/humble CONDA_PROMPT_MODIFIER=(base) /usr/bin/cmake /home/ubuntu/ros2_ws/rplidar_ros2 -DCMAKE_INSTALL_PREFIX=/home/ubuntu/ros2_ws/install/rplidar_ros
[1.077s] DEBUG:colcon.colcon_core.event_handler.log_command:Invoking command in '/home/ubuntu/ros2_ws/pumpkin_py_pkg': CONDA_PROMPT_MODIFIER=(base) PYTHONPATH=/home/ubuntu/ros2_ws/install/pumpkin_py_pkg/lib/python3.10/site-packages:${PYTHONPATH} /usr/bin/python3 setup.py egg_info --egg-base ../build/pumpkin_py_pkg build --build-base /home/ubuntu/ros2_ws/build/pumpkin_py_pkg/build install --prefix /home/ubuntu/ros2_ws/install/pumpkin_py_pkg --record /home/ubuntu/ros2_ws/build/pumpkin_py_pkg/install.log --single-version-externally-managed
[1.100s] DEBUG:colcon.colcon_core.event_handler.log_command:Invoked command in '/home/ubuntu/ros2_ws/build/pumpkin_bot_description' returned '0': CMAKE_PREFIX_PATH=/opt/ros/humble CONDA_PROMPT_MODIFIER=(base) /usr/bin/cmake /home/ubuntu/ros2_ws/pumpkin_bot_description -DCMAKE_INSTALL_PREFIX=/home/ubuntu/ros2_ws/install/pumpkin_bot_description
[1.102s] DEBUG:colcon.colcon_core.event_handler.log_command:Invoking command in '/home/ubuntu/ros2_ws/build/pumpkin_bot_description': CMAKE_PREFIX_PATH=/opt/ros/humble CONDA_PROMPT_MODIFIER=(base) /usr/bin/cmake --build /home/ubuntu/ros2_ws/build/pumpkin_bot_description -- -j8 -l8
[1.134s] DEBUG:colcon.colcon_core.event_handler.log_command:Invoked command in '/home/ubuntu/ros2_ws/build/pumpkin_bot_description' returned '0': CMAKE_PREFIX_PATH=/opt/ros/humble CONDA_PROMPT_MODIFIER=(base) /usr/bin/cmake --build /home/ubuntu/ros2_ws/build/pumpkin_bot_description -- -j8 -l8
[1.161s] DEBUG:colcon.colcon_core.event_handler.log_command:Invoking command in '/home/ubuntu/ros2_ws/build/pumpkin_bot_description': CMAKE_PREFIX_PATH=/opt/ros/humble CONDA_PROMPT_MODIFIER=(base) /usr/bin/cmake --install /home/ubuntu/ros2_ws/build/pumpkin_bot_description
[1.171s] Level 1:colcon.colcon_core.environment:create_environment_scripts_only(pumpkin_bot_description)
[1.173s] DEBUG:colcon.colcon_core.event_handler.log_command:Invoked command in '/home/ubuntu/ros2_ws/build/pumpkin_bot_description' returned '0': CMAKE_PREFIX_PATH=/opt/ros/humble CONDA_PROMPT_MODIFIER=(base) /usr/bin/cmake --install /home/ubuntu/ros2_ws/build/pumpkin_bot_description
[1.179s] Level 1:colcon.colcon_core.environment:checking '/home/ubuntu/ros2_ws/install/pumpkin_bot_description' for CMake module files
[1.179s] Level 1:colcon.colcon_core.environment:checking '/home/ubuntu/ros2_ws/install/pumpkin_bot_description' for CMake config files
[1.179s] Level 1:colcon.colcon_core.shell:create_environment_hook('pumpkin_bot_description', 'cmake_prefix_path')
[1.182s] INFO:colcon.colcon_core.shell:Creating environment hook '/home/ubuntu/ros2_ws/install/pumpkin_bot_description/share/pumpkin_bot_description/hook/cmake_prefix_path.ps1'
[1.182s] INFO:colcon.colcon_core.shell:Creating environment descriptor '/home/ubuntu/ros2_ws/install/pumpkin_bot_description/share/pumpkin_bot_description/hook/cmake_prefix_path.dsv'
[1.183s] INFO:colcon.colcon_core.shell:Creating environment hook '/home/ubuntu/ros2_ws/install/pumpkin_bot_description/share/pumpkin_bot_description/hook/cmake_prefix_path.sh'
[1.183s] Level 1:colcon.colcon_core.environment:checking '/home/ubuntu/ros2_ws/install/pumpkin_bot_description/bin'
[1.184s] Level 1:colcon.colcon_core.environment:checking '/home/ubuntu/ros2_ws/install/pumpkin_bot_description/lib/pkgconfig/pumpkin_bot_description.pc'
[1.184s] Level 1:colcon.colcon_core.environment:checking '/home/ubuntu/ros2_ws/install/pumpkin_bot_description/lib/python3.10/site-packages'
[1.184s] Level 1:colcon.colcon_core.environment:checking '/home/ubuntu/ros2_ws/install/pumpkin_bot_description/bin'
[1.187s] INFO:colcon.colcon_core.shell:Creating package script '/home/ubuntu/ros2_ws/install/pumpkin_bot_description/share/pumpkin_bot_description/package.ps1'
[1.188s] INFO:colcon.colcon_core.shell:Creating package descriptor '/home/ubuntu/ros2_ws/install/pumpkin_bot_description/share/pumpkin_bot_description/package.dsv'
[1.189s] INFO:colcon.colcon_core.shell:Creating package script '/home/ubuntu/ros2_ws/install/pumpkin_bot_description/share/pumpkin_bot_description/package.sh'
[1.190s] INFO:colcon.colcon_core.shell:Creating package script '/home/ubuntu/ros2_ws/install/pumpkin_bot_description/share/pumpkin_bot_description/package.bash'
[1.191s] INFO:colcon.colcon_core.shell:Creating package script '/home/ubuntu/ros2_ws/install/pumpkin_bot_description/share/pumpkin_bot_description/package.zsh'
[1.192s] Level 1:colcon.colcon_core.environment:create_file_with_runtime_dependencies(/home/ubuntu/ros2_ws/install/pumpkin_bot_description/share/colcon-core/packages/pumpkin_bot_description)
[1.212s] Level 1:colcon.colcon_core.environment:create_environment_scripts_only(pumpkin_bot_description)
[1.216s] Level 1:colcon.colcon_core.environment:checking '/home/ubuntu/ros2_ws/install/pumpkin_bot_description' for CMake module files
[1.217s] Level 1:colcon.colcon_core.environment:checking '/home/ubuntu/ros2_ws/install/pumpkin_bot_description' for CMake config files
[1.217s] Level 1:colcon.colcon_core.shell:create_environment_hook('pumpkin_bot_description', 'cmake_prefix_path')
[1.219s] INFO:colcon.colcon_core.shell:Creating environment hook '/home/ubuntu/ros2_ws/install/pumpkin_bot_description/share/pumpkin_bot_description/hook/cmake_prefix_path.ps1'
[1.220s] INFO:colcon.colcon_core.shell:Creating environment descriptor '/home/ubuntu/ros2_ws/install/pumpkin_bot_description/share/pumpkin_bot_description/hook/cmake_prefix_path.dsv'
[1.220s] INFO:colcon.colcon_core.shell:Creating environment hook '/home/ubuntu/ros2_ws/install/pumpkin_bot_description/share/pumpkin_bot_description/hook/cmake_prefix_path.sh'
[1.221s] Level 1:colcon.colcon_core.environment:checking '/home/ubuntu/ros2_ws/install/pumpkin_bot_description/bin'
[1.221s] Level 1:colcon.colcon_core.environment:checking '/home/ubuntu/ros2_ws/install/pumpkin_bot_description/lib/pkgconfig/pumpkin_bot_description.pc'
[1.221s] Level 1:colcon.colcon_core.environment:checking '/home/ubuntu/ros2_ws/install/pumpkin_bot_description/lib/python3.10/site-packages'
[1.222s] Level 1:colcon.colcon_core.environment:checking '/home/ubuntu/ros2_ws/install/pumpkin_bot_description/bin'
[1.224s] INFO:colcon.colcon_core.shell:Creating package script '/home/ubuntu/ros2_ws/install/pumpkin_bot_description/share/pumpkin_bot_description/package.ps1'
[1.225s] INFO:colcon.colcon_core.shell:Creating package descriptor '/home/ubuntu/ros2_ws/install/pumpkin_bot_description/share/pumpkin_bot_description/package.dsv'
[1.226s] INFO:colcon.colcon_core.shell:Creating package script '/home/ubuntu/ros2_ws/install/pumpkin_bot_description/share/pumpkin_bot_description/package.sh'
[1.227s] INFO:colcon.colcon_core.shell:Creating package script '/home/ubuntu/ros2_ws/install/pumpkin_bot_description/share/pumpkin_bot_description/package.bash'
[1.227s] INFO:colcon.colcon_core.shell:Creating package script '/home/ubuntu/ros2_ws/install/pumpkin_bot_description/share/pumpkin_bot_description/package.zsh'
[1.228s] Level 1:colcon.colcon_core.environment:create_file_with_runtime_dependencies(/home/ubuntu/ros2_ws/install/pumpkin_bot_description/share/colcon-core/packages/pumpkin_bot_description)
[1.388s] Level 1:colcon.colcon_core.environment:checking '/home/ubuntu/ros2_ws/install/pumpkin_py_pkg' for CMake module files
[1.388s] DEBUG:colcon.colcon_core.event_handler.log_command:Invoked command in '/home/ubuntu/ros2_ws/pumpkin_py_pkg' returned '0': CONDA_PROMPT_MODIFIER=(base) PYTHONPATH=/home/ubuntu/ros2_ws/install/pumpkin_py_pkg/lib/python3.10/site-packages:${PYTHONPATH} /usr/bin/python3 setup.py egg_info --egg-base ../build/pumpkin_py_pkg build --build-base /home/ubuntu/ros2_ws/build/pumpkin_py_pkg/build install --prefix /home/ubuntu/ros2_ws/install/pumpkin_py_pkg --record /home/ubuntu/ros2_ws/build/pumpkin_py_pkg/install.log --single-version-externally-managed
[1.389s] Level 1:colcon.colcon_core.environment:checking '/home/ubuntu/ros2_ws/install/pumpkin_py_pkg' for CMake config files
[1.389s] Level 1:colcon.colcon_core.environment:checking '/home/ubuntu/ros2_ws/install/pumpkin_py_pkg/lib'
[1.389s] Level 1:colcon.colcon_core.environment:checking '/home/ubuntu/ros2_ws/install/pumpkin_py_pkg/bin'
[1.389s] Level 1:colcon.colcon_core.environment:checking '/home/ubuntu/ros2_ws/install/pumpkin_py_pkg/lib/pkgconfig/pumpkin_py_pkg.pc'
[1.390s] Level 1:colcon.colcon_core.environment:checking '/home/ubuntu/ros2_ws/install/pumpkin_py_pkg/lib/python3.10/site-packages'
[1.390s] Level 1:colcon.colcon_core.shell:create_environment_hook('pumpkin_py_pkg', 'pythonpath')
[1.391s] INFO:colcon.colcon_core.shell:Creating environment hook '/home/ubuntu/ros2_ws/install/pumpkin_py_pkg/share/pumpkin_py_pkg/hook/pythonpath.ps1'
[1.391s] INFO:colcon.colcon_core.shell:Creating environment descriptor '/home/ubuntu/ros2_ws/install/pumpkin_py_pkg/share/pumpkin_py_pkg/hook/pythonpath.dsv'
[1.391s] INFO:colcon.colcon_core.shell:Creating environment hook '/home/ubuntu/ros2_ws/install/pumpkin_py_pkg/share/pumpkin_py_pkg/hook/pythonpath.sh'
[1.392s] Level 1:colcon.colcon_core.environment:checking '/home/ubuntu/ros2_ws/install/pumpkin_py_pkg/bin'
[1.392s] Level 1:colcon.colcon_core.environment:create_environment_scripts_only(pumpkin_py_pkg)
[1.393s] INFO:colcon.colcon_core.shell:Creating package script '/home/ubuntu/ros2_ws/install/pumpkin_py_pkg/share/pumpkin_py_pkg/package.ps1'
[1.393s] INFO:colcon.colcon_core.shell:Creating package descriptor '/home/ubuntu/ros2_ws/install/pumpkin_py_pkg/share/pumpkin_py_pkg/package.dsv'
[1.394s] INFO:colcon.colcon_core.shell:Creating package script '/home/ubuntu/ros2_ws/install/pumpkin_py_pkg/share/pumpkin_py_pkg/package.sh'
[1.394s] INFO:colcon.colcon_core.shell:Creating package script '/home/ubuntu/ros2_ws/install/pumpkin_py_pkg/share/pumpkin_py_pkg/package.bash'
[1.394s] INFO:colcon.colcon_core.shell:Creating package script '/home/ubuntu/ros2_ws/install/pumpkin_py_pkg/share/pumpkin_py_pkg/package.zsh'
[1.394s] Level 1:colcon.colcon_core.environment:create_file_with_runtime_dependencies(/home/ubuntu/ros2_ws/install/pumpkin_py_pkg/share/colcon-core/packages/pumpkin_py_pkg)
[1.395s] INFO:colcon.colcon_ros.task.ament_cmake.build:Building ROS package in '/home/ubuntu/ros2_ws/pumpkin_bot_bringup' with build type 'ament_cmake'
[1.395s] INFO:colcon.colcon_cmake.task.cmake.build:Building CMake package in '/home/ubuntu/ros2_ws/pumpkin_bot_bringup'
[1.396s] INFO:colcon.colcon_core.shell:Skip shell extension 'powershell' for command environment: Not usable outside of PowerShell
[1.396s] DEBUG:colcon.colcon_core.shell:Skip shell extension 'dsv' for command environment
[1.404s] DEBUG:colcon.colcon_core.event_handler.log_command:Invoking command in '/home/ubuntu/ros2_ws/build/pumpkin_bot_bringup': AMENT_PREFIX_PATH=/home/ubuntu/ros2_ws/install/pumpkin_py_pkg:/home/ubuntu/ros2_ws/install/pumpkin_bot_description:${AMENT_PREFIX_PATH} CMAKE_PREFIX_PATH=/home/ubuntu/ros2_ws/install/pumpkin_bot_description:/opt/ros/humble CONDA_PROMPT_MODIFIER=(base) PYTHONPATH=/home/ubuntu/ros2_ws/install/pumpkin_py_pkg/lib/python3.10/site-packages:${PYTHONPATH} /usr/bin/cmake /home/ubuntu/ros2_ws/pumpkin_bot_bringup -DCMAKE_INSTALL_PREFIX=/home/ubuntu/ros2_ws/install/pumpkin_bot_bringup
[1.986s] DEBUG:colcon.colcon_core.event_handler.log_command:Invoked command in '/home/ubuntu/ros2_ws/build/pumpkin_bot_bringup' returned '0': AMENT_PREFIX_PATH=/home/ubuntu/ros2_ws/install/pumpkin_py_pkg:/home/ubuntu/ros2_ws/install/pumpkin_bot_description:${AMENT_PREFIX_PATH} CMAKE_PREFIX_PATH=/home/ubuntu/ros2_ws/install/pumpkin_bot_description:/opt/ros/humble CONDA_PROMPT_MODIFIER=(base) PYTHONPATH=/home/ubuntu/ros2_ws/install/pumpkin_py_pkg/lib/python3.10/site-packages:${PYTHONPATH} /usr/bin/cmake /home/ubuntu/ros2_ws/pumpkin_bot_bringup -DCMAKE_INSTALL_PREFIX=/home/ubuntu/ros2_ws/install/pumpkin_bot_bringup
[1.987s] DEBUG:colcon.colcon_core.event_handler.log_command:Invoking command in '/home/ubuntu/ros2_ws/build/pumpkin_bot_bringup': AMENT_PREFIX_PATH=/home/ubuntu/ros2_ws/install/pumpkin_py_pkg:/home/ubuntu/ros2_ws/install/pumpkin_bot_description:${AMENT_PREFIX_PATH} CMAKE_PREFIX_PATH=/home/ubuntu/ros2_ws/install/pumpkin_bot_description:/opt/ros/humble CONDA_PROMPT_MODIFIER=(base) PYTHONPATH=/home/ubuntu/ros2_ws/install/pumpkin_py_pkg/lib/python3.10/site-packages:${PYTHONPATH} /usr/bin/cmake --build /home/ubuntu/ros2_ws/build/pumpkin_bot_bringup -- -j8 -l8
[2.017s] DEBUG:colcon.colcon_core.event_handler.log_command:Invoked command in '/home/ubuntu/ros2_ws/build/pumpkin_bot_bringup' returned '0': AMENT_PREFIX_PATH=/home/ubuntu/ros2_ws/install/pumpkin_py_pkg:/home/ubuntu/ros2_ws/install/pumpkin_bot_description:${AMENT_PREFIX_PATH} CMAKE_PREFIX_PATH=/home/ubuntu/ros2_ws/install/pumpkin_bot_description:/opt/ros/humble CONDA_PROMPT_MODIFIER=(base) PYTHONPATH=/home/ubuntu/ros2_ws/install/pumpkin_py_pkg/lib/python3.10/site-packages:${PYTHONPATH} /usr/bin/cmake --build /home/ubuntu/ros2_ws/build/pumpkin_bot_bringup -- -j8 -l8
[2.036s] DEBUG:colcon.colcon_core.event_handler.log_command:Invoking command in '/home/ubuntu/ros2_ws/build/pumpkin_bot_bringup': AMENT_PREFIX_PATH=/home/ubuntu/ros2_ws/install/pumpkin_py_pkg:/home/ubuntu/ros2_ws/install/pumpkin_bot_description:${AMENT_PREFIX_PATH} CMAKE_PREFIX_PATH=/home/ubuntu/ros2_ws/install/pumpkin_bot_description:/opt/ros/humble CONDA_PROMPT_MODIFIER=(base) PYTHONPATH=/home/ubuntu/ros2_ws/install/pumpkin_py_pkg/lib/python3.10/site-packages:${PYTHONPATH} /usr/bin/cmake --install /home/ubuntu/ros2_ws/build/pumpkin_bot_bringup
[2.048s] Level 1:colcon.colcon_core.environment:create_environment_scripts_only(pumpkin_bot_bringup)
[2.052s] Level 1:colcon.colcon_core.environment:checking '/home/ubuntu/ros2_ws/install/pumpkin_bot_bringup' for CMake module files
[2.053s] DEBUG:colcon.colcon_core.event_handler.log_command:Invoked command in '/home/ubuntu/ros2_ws/build/pumpkin_bot_bringup' returned '0': AMENT_PREFIX_PATH=/home/ubuntu/ros2_ws/install/pumpkin_py_pkg:/home/ubuntu/ros2_ws/install/pumpkin_bot_description:${AMENT_PREFIX_PATH} CMAKE_PREFIX_PATH=/home/ubuntu/ros2_ws/install/pumpkin_bot_description:/opt/ros/humble CONDA_PROMPT_MODIFIER=(base) PYTHONPATH=/home/ubuntu/ros2_ws/install/pumpkin_py_pkg/lib/python3.10/site-packages:${PYTHONPATH} /usr/bin/cmake --install /home/ubuntu/ros2_ws/build/pumpkin_bot_bringup
[2.053s] Level 1:colcon.colcon_core.environment:checking '/home/ubuntu/ros2_ws/install/pumpkin_bot_bringup' for CMake config files
[2.054s] Level 1:colcon.colcon_core.shell:create_environment_hook('pumpkin_bot_bringup', 'cmake_prefix_path')
[2.056s] INFO:colcon.colcon_core.shell:Creating environment hook '/home/ubuntu/ros2_ws/install/pumpkin_bot_bringup/share/pumpkin_bot_bringup/hook/cmake_prefix_path.ps1'
[2.057s] INFO:colcon.colcon_core.shell:Creating environment descriptor '/home/ubuntu/ros2_ws/install/pumpkin_bot_bringup/share/pumpkin_bot_bringup/hook/cmake_prefix_path.dsv'
[2.057s] INFO:colcon.colcon_core.shell:Creating environment hook '/home/ubuntu/ros2_ws/install/pumpkin_bot_bringup/share/pumpkin_bot_bringup/hook/cmake_prefix_path.sh'
[2.058s] Level 1:colcon.colcon_core.environment:checking '/home/ubuntu/ros2_ws/install/pumpkin_bot_bringup/bin'
[2.058s] Level 1:colcon.colcon_core.environment:checking '/home/ubuntu/ros2_ws/install/pumpkin_bot_bringup/lib/pkgconfig/pumpkin_bot_bringup.pc'
[2.058s] Level 1:colcon.colcon_core.environment:checking '/home/ubuntu/ros2_ws/install/pumpkin_bot_bringup/lib/python3.10/site-packages'
[2.059s] Level 1:colcon.colcon_core.environment:checking '/home/ubuntu/ros2_ws/install/pumpkin_bot_bringup/bin'
[2.061s] INFO:colcon.colcon_core.shell:Creating package script '/home/ubuntu/ros2_ws/install/pumpkin_bot_bringup/share/pumpkin_bot_bringup/package.ps1'
[2.061s] INFO:colcon.colcon_core.shell:Creating package descriptor '/home/ubuntu/ros2_ws/install/pumpkin_bot_bringup/share/pumpkin_bot_bringup/package.dsv'
[2.062s] INFO:colcon.colcon_core.shell:Creating package script '/home/ubuntu/ros2_ws/install/pumpkin_bot_bringup/share/pumpkin_bot_bringup/package.sh'
[2.062s] INFO:colcon.colcon_core.shell:Creating package script '/home/ubuntu/ros2_ws/install/pumpkin_bot_bringup/share/pumpkin_bot_bringup/package.bash'
[2.063s] INFO:colcon.colcon_core.shell:Creating package script '/home/ubuntu/ros2_ws/install/pumpkin_bot_bringup/share/pumpkin_bot_bringup/package.zsh'
[2.063s] Level 1:colcon.colcon_core.environment:create_file_with_runtime_dependencies(/home/ubuntu/ros2_ws/install/pumpkin_bot_bringup/share/colcon-core/packages/pumpkin_bot_bringup)
[2.066s] DEBUG:colcon.colcon_core.event_handler.log_command:Invoked command in '/home/ubuntu/ros2_ws/build/rplidar_ros' returned '0': CMAKE_PREFIX_PATH=/opt/ros/humble CONDA_PROMPT_MODIFIER=(base) /usr/bin/cmake /home/ubuntu/ros2_ws/rplidar_ros2 -DCMAKE_INSTALL_PREFIX=/home/ubuntu/ros2_ws/install/rplidar_ros
[2.068s] DEBUG:colcon.colcon_core.event_handler.log_command:Invoking command in '/home/ubuntu/ros2_ws/build/rplidar_ros': CMAKE_PREFIX_PATH=/opt/ros/humble CONDA_PROMPT_MODIFIER=(base) /usr/bin/cmake --build /home/ubuntu/ros2_ws/build/rplidar_ros -- -j8 -l8
[2.083s] Level 1:colcon.colcon_core.environment:create_environment_scripts_only(pumpkin_bot_bringup)
[2.086s] Level 1:colcon.colcon_core.environment:checking '/home/ubuntu/ros2_ws/install/pumpkin_bot_bringup' for CMake module files
[2.087s] Level 1:colcon.colcon_core.environment:checking '/home/ubuntu/ros2_ws/install/pumpkin_bot_bringup' for CMake config files
[2.087s] Level 1:colcon.colcon_core.shell:create_environment_hook('pumpkin_bot_bringup', 'cmake_prefix_path')
[2.090s] INFO:colcon.colcon_core.shell:Creating environment hook '/home/ubuntu/ros2_ws/install/pumpkin_bot_bringup/share/pumpkin_bot_bringup/hook/cmake_prefix_path.ps1'
[2.090s] INFO:colcon.colcon_core.shell:Creating environment descriptor '/home/ubuntu/ros2_ws/install/pumpkin_bot_bringup/share/pumpkin_bot_bringup/hook/cmake_prefix_path.dsv'
[2.091s] INFO:colcon.colcon_core.shell:Creating environment hook '/home/ubuntu/ros2_ws/install/pumpkin_bot_bringup/share/pumpkin_bot_bringup/hook/cmake_prefix_path.sh'
[2.091s] Level 1:colcon.colcon_core.environment:checking '/home/ubuntu/ros2_ws/install/pumpkin_bot_bringup/bin'
[2.091s] Level 1:colcon.colcon_core.environment:checking '/home/ubuntu/ros2_ws/install/pumpkin_bot_bringup/lib/pkgconfig/pumpkin_bot_bringup.pc'
[2.091s] Level 1:colcon.colcon_core.environment:checking '/home/ubuntu/ros2_ws/install/pumpkin_bot_bringup/lib/python3.10/site-packages'
[2.092s] Level 1:colcon.colcon_core.environment:checking '/home/ubuntu/ros2_ws/install/pumpkin_bot_bringup/bin'
[2.093s] INFO:colcon.colcon_core.shell:Creating package script '/home/ubuntu/ros2_ws/install/pumpkin_bot_bringup/share/pumpkin_bot_bringup/package.ps1'
[2.093s] INFO:colcon.colcon_core.shell:Creating package descriptor '/home/ubuntu/ros2_ws/install/pumpkin_bot_bringup/share/pumpkin_bot_bringup/package.dsv'
[2.094s] INFO:colcon.colcon_core.shell:Creating package script '/home/ubuntu/ros2_ws/install/pumpkin_bot_bringup/share/pumpkin_bot_bringup/package.sh'
[2.094s] INFO:colcon.colcon_core.shell:Creating package script '/home/ubuntu/ros2_ws/install/pumpkin_bot_bringup/share/pumpkin_bot_bringup/package.bash'
[2.095s] INFO:colcon.colcon_core.shell:Creating package script '/home/ubuntu/ros2_ws/install/pumpkin_bot_bringup/share/pumpkin_bot_bringup/package.zsh'
[2.095s] Level 1:colcon.colcon_core.environment:create_file_with_runtime_dependencies(/home/ubuntu/ros2_ws/install/pumpkin_bot_bringup/share/colcon-core/packages/pumpkin_bot_bringup)
[2.717s] DEBUG:colcon.colcon_core.event_handler.log_command:Invoked command in '/home/ubuntu/ros2_ws/build/pumpkin_cpp_pkg' returned '0': CMAKE_PREFIX_PATH=/opt/ros/humble CONDA_PROMPT_MODIFIER=(base) /usr/bin/cmake /home/ubuntu/ros2_ws/pumpkin_cpp_pkg -DCMAKE_INSTALL_PREFIX=/home/ubuntu/ros2_ws/install/pumpkin_cpp_pkg
[2.719s] DEBUG:colcon.colcon_core.event_handler.log_command:Invoking command in '/home/ubuntu/ros2_ws/build/pumpkin_cpp_pkg': CMAKE_PREFIX_PATH=/opt/ros/humble CONDA_PROMPT_MODIFIER=(base) /usr/bin/cmake --build /home/ubuntu/ros2_ws/build/pumpkin_cpp_pkg -- -j8 -l8
[11.643s] DEBUG:colcon.colcon_core.event_handler.log_command:Invoked command in '/home/ubuntu/ros2_ws/build/rplidar_ros' returned '0': CMAKE_PREFIX_PATH=/opt/ros/humble CONDA_PROMPT_MODIFIER=(base) /usr/bin/cmake --build /home/ubuntu/ros2_ws/build/rplidar_ros -- -j8 -l8
[11.672s] DEBUG:colcon.colcon_core.event_handler.log_command:Invoking command in '/home/ubuntu/ros2_ws/build/rplidar_ros': CMAKE_PREFIX_PATH=/opt/ros/humble CONDA_PROMPT_MODIFIER=(base) /usr/bin/cmake --install /home/ubuntu/ros2_ws/build/rplidar_ros
[11.687s] Level 1:colcon.colcon_core.environment:create_environment_scripts_only(rplidar_ros)
[11.690s] Level 1:colcon.colcon_core.environment:checking '/home/ubuntu/ros2_ws/install/rplidar_ros' for CMake module files
[11.691s] DEBUG:colcon.colcon_core.event_handler.log_command:Invoked command in '/home/ubuntu/ros2_ws/build/rplidar_ros' returned '0': CMAKE_PREFIX_PATH=/opt/ros/humble CONDA_PROMPT_MODIFIER=(base) /usr/bin/cmake --install /home/ubuntu/ros2_ws/build/rplidar_ros
[11.691s] Level 1:colcon.colcon_core.environment:checking '/home/ubuntu/ros2_ws/install/rplidar_ros' for CMake config files
[11.691s] Level 1:colcon.colcon_core.shell:create_environment_hook('rplidar_ros', 'cmake_prefix_path')
[11.693s] INFO:colcon.colcon_core.shell:Creating environment hook '/home/ubuntu/ros2_ws/install/rplidar_ros/share/rplidar_ros/hook/cmake_prefix_path.ps1'
[11.694s] INFO:colcon.colcon_core.shell:Creating environment descriptor '/home/ubuntu/ros2_ws/install/rplidar_ros/share/rplidar_ros/hook/cmake_prefix_path.dsv'
[11.694s] INFO:colcon.colcon_core.shell:Creating environment hook '/home/ubuntu/ros2_ws/install/rplidar_ros/share/rplidar_ros/hook/cmake_prefix_path.sh'
[11.695s] Level 1:colcon.colcon_core.environment:checking '/home/ubuntu/ros2_ws/install/rplidar_ros/lib'
[11.695s] Level 1:colcon.colcon_core.shell:create_environment_hook('rplidar_ros', 'ld_library_path_lib')
[11.697s] INFO:colcon.colcon_core.shell:Creating environment hook '/home/ubuntu/ros2_ws/install/rplidar_ros/share/rplidar_ros/hook/ld_library_path_lib.ps1'
[11.697s] INFO:colcon.colcon_core.shell:Creating environment descriptor '/home/ubuntu/ros2_ws/install/rplidar_ros/share/rplidar_ros/hook/ld_library_path_lib.dsv'
[11.697s] INFO:colcon.colcon_core.shell:Creating environment hook '/home/ubuntu/ros2_ws/install/rplidar_ros/share/rplidar_ros/hook/ld_library_path_lib.sh'
[11.698s] Level 1:colcon.colcon_core.environment:checking '/home/ubuntu/ros2_ws/install/rplidar_ros/bin'
[11.698s] Level 1:colcon.colcon_core.environment:checking '/home/ubuntu/ros2_ws/install/rplidar_ros/lib/pkgconfig/rplidar_ros.pc'
[11.698s] Level 1:colcon.colcon_core.environment:checking '/home/ubuntu/ros2_ws/install/rplidar_ros/lib/python3.10/site-packages'
[11.699s] Level 1:colcon.colcon_core.environment:checking '/home/ubuntu/ros2_ws/install/rplidar_ros/bin'
[11.701s] INFO:colcon.colcon_core.shell:Creating package script '/home/ubuntu/ros2_ws/install/rplidar_ros/share/rplidar_ros/package.ps1'
[11.701s] INFO:colcon.colcon_core.shell:Creating package descriptor '/home/ubuntu/ros2_ws/install/rplidar_ros/share/rplidar_ros/package.dsv'
[11.702s] INFO:colcon.colcon_core.shell:Creating package script '/home/ubuntu/ros2_ws/install/rplidar_ros/share/rplidar_ros/package.sh'
[11.702s] INFO:colcon.colcon_core.shell:Creating package script '/home/ubuntu/ros2_ws/install/rplidar_ros/share/rplidar_ros/package.bash'
[11.703s] INFO:colcon.colcon_core.shell:Creating package script '/home/ubuntu/ros2_ws/install/rplidar_ros/share/rplidar_ros/package.zsh'
[11.703s] Level 1:colcon.colcon_core.environment:create_file_with_runtime_dependencies(/home/ubuntu/ros2_ws/install/rplidar_ros/share/colcon-core/packages/rplidar_ros)
[11.734s] Level 1:colcon.colcon_core.environment:create_environment_scripts_only(rplidar_ros)
[11.736s] Level 1:colcon.colcon_core.environment:checking '/home/ubuntu/ros2_ws/install/rplidar_ros' for CMake module files
[11.736s] Level 1:colcon.colcon_core.environment:checking '/home/ubuntu/ros2_ws/install/rplidar_ros' for CMake config files
[11.736s] Level 1:colcon.colcon_core.shell:create_environment_hook('rplidar_ros', 'cmake_prefix_path')
[11.737s] INFO:colcon.colcon_core.shell:Creating environment hook '/home/ubuntu/ros2_ws/install/rplidar_ros/share/rplidar_ros/hook/cmake_prefix_path.ps1'
[11.738s] INFO:colcon.colcon_core.shell:Creating environment descriptor '/home/ubuntu/ros2_ws/install/rplidar_ros/share/rplidar_ros/hook/cmake_prefix_path.dsv'
[11.738s] INFO:colcon.colcon_core.shell:Creating environment hook '/home/ubuntu/ros2_ws/install/rplidar_ros/share/rplidar_ros/hook/cmake_prefix_path.sh'
[11.739s] Level 1:colcon.colcon_core.environment:checking '/home/ubuntu/ros2_ws/install/rplidar_ros/lib'
[11.739s] Level 1:colcon.colcon_core.shell:create_environment_hook('rplidar_ros', 'ld_library_path_lib')
[11.740s] INFO:colcon.colcon_core.shell:Creating environment hook '/home/ubuntu/ros2_ws/install/rplidar_ros/share/rplidar_ros/hook/ld_library_path_lib.ps1'
[11.740s] INFO:colcon.colcon_core.shell:Creating environment descriptor '/home/ubuntu/ros2_ws/install/rplidar_ros/share/rplidar_ros/hook/ld_library_path_lib.dsv'
[11.741s] INFO:colcon.colcon_core.shell:Creating environment hook '/home/ubuntu/ros2_ws/install/rplidar_ros/share/rplidar_ros/hook/ld_library_path_lib.sh'
[11.741s] Level 1:colcon.colcon_core.environment:checking '/home/ubuntu/ros2_ws/install/rplidar_ros/bin'
[11.741s] Level 1:colcon.colcon_core.environment:checking '/home/ubuntu/ros2_ws/install/rplidar_ros/lib/pkgconfig/rplidar_ros.pc'
[11.741s] Level 1:colcon.colcon_core.environment:checking '/home/ubuntu/ros2_ws/install/rplidar_ros/lib/python3.10/site-packages'
[11.742s] Level 1:colcon.colcon_core.environment:checking '/home/ubuntu/ros2_ws/install/rplidar_ros/bin'
[11.743s] INFO:colcon.colcon_core.shell:Creating package script '/home/ubuntu/ros2_ws/install/rplidar_ros/share/rplidar_ros/package.ps1'
[11.743s] INFO:colcon.colcon_core.shell:Creating package descriptor '/home/ubuntu/ros2_ws/install/rplidar_ros/share/rplidar_ros/package.dsv'
[11.744s] INFO:colcon.colcon_core.shell:Creating package script '/home/ubuntu/ros2_ws/install/rplidar_ros/share/rplidar_ros/package.sh'
[11.744s] INFO:colcon.colcon_core.shell:Creating package script '/home/ubuntu/ros2_ws/install/rplidar_ros/share/rplidar_ros/package.bash'
[11.744s] INFO:colcon.colcon_core.shell:Creating package script '/home/ubuntu/ros2_ws/install/rplidar_ros/share/rplidar_ros/package.zsh'
[11.745s] Level 1:colcon.colcon_core.environment:create_file_with_runtime_dependencies(/home/ubuntu/ros2_ws/install/rplidar_ros/share/colcon-core/packages/rplidar_ros)
[12.362s] DEBUG:colcon.colcon_core.event_handler.log_command:Invoked command in '/home/ubuntu/ros2_ws/build/pumpkin_cpp_pkg' returned '0': CMAKE_PREFIX_PATH=/opt/ros/humble CONDA_PROMPT_MODIFIER=(base) /usr/bin/cmake --build /home/ubuntu/ros2_ws/build/pumpkin_cpp_pkg -- -j8 -l8
[12.383s] DEBUG:colcon.colcon_core.event_handler.log_command:Invoking command in '/home/ubuntu/ros2_ws/build/pumpkin_cpp_pkg': CMAKE_PREFIX_PATH=/opt/ros/humble CONDA_PROMPT_MODIFIER=(base) /usr/bin/cmake --install /home/ubuntu/ros2_ws/build/pumpkin_cpp_pkg
[12.397s] Level 1:colcon.colcon_core.environment:create_environment_scripts_only(pumpkin_cpp_pkg)
[12.399s] Level 1:colcon.colcon_core.environment:checking '/home/ubuntu/ros2_ws/install/pumpkin_cpp_pkg' for CMake module files
[12.400s] DEBUG:colcon.colcon_core.event_handler.log_command:Invoked command in '/home/ubuntu/ros2_ws/build/pumpkin_cpp_pkg' returned '0': CMAKE_PREFIX_PATH=/opt/ros/humble CONDA_PROMPT_MODIFIER=(base) /usr/bin/cmake --install /home/ubuntu/ros2_ws/build/pumpkin_cpp_pkg
[12.400s] Level 1:colcon.colcon_core.environment:checking '/home/ubuntu/ros2_ws/install/pumpkin_cpp_pkg' for CMake config files
[12.400s] Level 1:colcon.colcon_core.shell:create_environment_hook('pumpkin_cpp_pkg', 'cmake_prefix_path')
[12.402s] INFO:colcon.colcon_core.shell:Creating environment hook '/home/ubuntu/ros2_ws/install/pumpkin_cpp_pkg/share/pumpkin_cpp_pkg/hook/cmake_prefix_path.ps1'
[12.402s] INFO:colcon.colcon_core.shell:Creating environment descriptor '/home/ubuntu/ros2_ws/install/pumpkin_cpp_pkg/share/pumpkin_cpp_pkg/hook/cmake_prefix_path.dsv'
[12.403s] INFO:colcon.colcon_core.shell:Creating environment hook '/home/ubuntu/ros2_ws/install/pumpkin_cpp_pkg/share/pumpkin_cpp_pkg/hook/cmake_prefix_path.sh'
[12.403s] Level 1:colcon.colcon_core.environment:checking '/home/ubuntu/ros2_ws/install/pumpkin_cpp_pkg/lib'
[12.403s] Level 1:colcon.colcon_core.environment:checking '/home/ubuntu/ros2_ws/install/pumpkin_cpp_pkg/bin'
[12.403s] Level 1:colcon.colcon_core.environment:checking '/home/ubuntu/ros2_ws/install/pumpkin_cpp_pkg/lib/pkgconfig/pumpkin_cpp_pkg.pc'
[12.403s] Level 1:colcon.colcon_core.environment:checking '/home/ubuntu/ros2_ws/install/pumpkin_cpp_pkg/lib/python3.10/site-packages'
[12.404s] Level 1:colcon.colcon_core.environment:checking '/home/ubuntu/ros2_ws/install/pumpkin_cpp_pkg/bin'
[12.405s] INFO:colcon.colcon_core.shell:Creating package script '/home/ubuntu/ros2_ws/install/pumpkin_cpp_pkg/share/pumpkin_cpp_pkg/package.ps1'
[12.405s] INFO:colcon.colcon_core.shell:Creating package descriptor '/home/ubuntu/ros2_ws/install/pumpkin_cpp_pkg/share/pumpkin_cpp_pkg/package.dsv'
[12.405s] INFO:colcon.colcon_core.shell:Creating package script '/home/ubuntu/ros2_ws/install/pumpkin_cpp_pkg/share/pumpkin_cpp_pkg/package.sh'
[12.406s] INFO:colcon.colcon_core.shell:Creating package script '/home/ubuntu/ros2_ws/install/pumpkin_cpp_pkg/share/pumpkin_cpp_pkg/package.bash'
[12.406s] INFO:colcon.colcon_core.shell:Creating package script '/home/ubuntu/ros2_ws/install/pumpkin_cpp_pkg/share/pumpkin_cpp_pkg/package.zsh'
[12.406s] Level 1:colcon.colcon_core.environment:create_file_with_runtime_dependencies(/home/ubuntu/ros2_ws/install/pumpkin_cpp_pkg/share/colcon-core/packages/pumpkin_cpp_pkg)
[12.427s] Level 1:colcon.colcon_core.environment:create_environment_scripts_only(pumpkin_cpp_pkg)
[12.429s] Level 1:colcon.colcon_core.environment:checking '/home/ubuntu/ros2_ws/install/pumpkin_cpp_pkg' for CMake module files
[12.429s] Level 1:colcon.colcon_core.environment:checking '/home/ubuntu/ros2_ws/install/pumpkin_cpp_pkg' for CMake config files
[12.430s] Level 1:colcon.colcon_core.shell:create_environment_hook('pumpkin_cpp_pkg', 'cmake_prefix_path')
[12.431s] INFO:colcon.colcon_core.shell:Creating environment hook '/home/ubuntu/ros2_ws/install/pumpkin_cpp_pkg/share/pumpkin_cpp_pkg/hook/cmake_prefix_path.ps1'
[12.431s] INFO:colcon.colcon_core.shell:Creating environment descriptor '/home/ubuntu/ros2_ws/install/pumpkin_cpp_pkg/share/pumpkin_cpp_pkg/hook/cmake_prefix_path.dsv'
[12.431s] INFO:colcon.colcon_core.shell:Creating environment hook '/home/ubuntu/ros2_ws/install/pumpkin_cpp_pkg/share/pumpkin_cpp_pkg/hook/cmake_prefix_path.sh'
[12.432s] Level 1:colcon.colcon_core.environment:checking '/home/ubuntu/ros2_ws/install/pumpkin_cpp_pkg/lib'
[12.432s] Level 1:colcon.colcon_core.environment:checking '/home/ubuntu/ros2_ws/install/pumpkin_cpp_pkg/bin'
[12.432s] Level 1:colcon.colcon_core.environment:checking '/home/ubuntu/ros2_ws/install/pumpkin_cpp_pkg/lib/pkgconfig/pumpkin_cpp_pkg.pc'
[12.432s] Level 1:colcon.colcon_core.environment:checking '/home/ubuntu/ros2_ws/install/pumpkin_cpp_pkg/lib/python3.10/site-packages'
[12.432s] Level 1:colcon.colcon_core.environment:checking '/home/ubuntu/ros2_ws/install/pumpkin_cpp_pkg/bin'
[12.433s] INFO:colcon.colcon_core.shell:Creating package script '/home/ubuntu/ros2_ws/install/pumpkin_cpp_pkg/share/pumpkin_cpp_pkg/package.ps1'
[12.434s] INFO:colcon.colcon_core.shell:Creating package descriptor '/home/ubuntu/ros2_ws/install/pumpkin_cpp_pkg/share/pumpkin_cpp_pkg/package.dsv'
[12.434s] INFO:colcon.colcon_core.shell:Creating package script '/home/ubuntu/ros2_ws/install/pumpkin_cpp_pkg/share/pumpkin_cpp_pkg/package.sh'
[12.435s] INFO:colcon.colcon_core.shell:Creating package script '/home/ubuntu/ros2_ws/install/pumpkin_cpp_pkg/share/pumpkin_cpp_pkg/package.bash'
[12.435s] INFO:colcon.colcon_core.shell:Creating package script '/home/ubuntu/ros2_ws/install/pumpkin_cpp_pkg/share/pumpkin_cpp_pkg/package.zsh'
[12.435s] Level 1:colcon.colcon_core.environment:create_file_with_runtime_dependencies(/home/ubuntu/ros2_ws/install/pumpkin_cpp_pkg/share/colcon-core/packages/pumpkin_cpp_pkg)
[12.435s] DEBUG:colcon.colcon_parallel_executor.executor.parallel:closing loop
[12.436s] DEBUG:colcon.colcon_parallel_executor.executor.parallel:loop closed
[12.436s] DEBUG:colcon.colcon_parallel_executor.executor.parallel:run_until_complete finished with '0'
[12.436s] DEBUG:colcon.colcon_core.event_reactor:joining thread
[12.442s] INFO:colcon.colcon_core.plugin_system:Skipping extension 'colcon_notification.desktop_notification.terminal_notifier': Not used on non-Darwin systems
[12.442s] INFO:colcon.colcon_core.plugin_system:Skipping extension 'colcon_notification.desktop_notification.win32': Not used on non-Windows systems
[12.442s] INFO:colcon.colcon_notification.desktop_notification:Sending desktop notification using 'notify2'
[12.453s] DEBUG:colcon.colcon_core.event_reactor:joined thread
[12.454s] INFO:colcon.colcon_core.shell:Creating prefix script '/home/ubuntu/ros2_ws/install/local_setup.ps1'
[12.455s] INFO:colcon.colcon_core.shell:Creating prefix util module '/home/ubuntu/ros2_ws/install/_local_setup_util_ps1.py'
[12.456s] INFO:colcon.colcon_core.shell:Creating prefix chain script '/home/ubuntu/ros2_ws/install/setup.ps1'
[12.458s] INFO:colcon.colcon_core.shell:Creating prefix script '/home/ubuntu/ros2_ws/install/local_setup.sh'
[12.458s] INFO:colcon.colcon_core.shell:Creating prefix util module '/home/ubuntu/ros2_ws/install/_local_setup_util_sh.py'
[12.458s] INFO:colcon.colcon_core.shell:Creating prefix chain script '/home/ubuntu/ros2_ws/install/setup.sh'
[12.460s] INFO:colcon.colcon_core.shell:Creating prefix script '/home/ubuntu/ros2_ws/install/local_setup.bash'
[12.461s] INFO:colcon.colcon_core.shell:Creating prefix chain script '/home/ubuntu/ros2_ws/install/setup.bash'
[12.462s] INFO:colcon.colcon_core.shell:Creating prefix script '/home/ubuntu/ros2_ws/install/local_setup.zsh'
[12.462s] INFO:colcon.colcon_core.shell:Creating prefix chain script '/home/ubuntu/ros2_ws/install/setup.zsh'
