[0.088s] Invoking command in '/home/ubuntu/ros2_ws/src/pumpkin_bot_description/build/pumpkin_bot_description': CMAKE_PREFIX_PATH=${CMAKE_PREFIX_PATH}:/home/ubuntu/ros2_ws/install/pumpkin_py_pkg:/home/ubuntu/ros2_ws/install/my_py_pkg:/opt/ros/foxy /usr/bin/cmake --build /home/ubuntu/ros2_ws/src/pumpkin_bot_description/build/pumpkin_bot_description -- -j4 -l4
[0.312s] Invoked command in '/home/ubuntu/ros2_ws/src/pumpkin_bot_description/build/pumpkin_bot_description' returned '0': CMAKE_PREFIX_PATH=${CMAKE_PREFIX_PATH}:/home/ubuntu/ros2_ws/install/pumpkin_py_pkg:/home/ubuntu/ros2_ws/install/my_py_pkg:/opt/ros/foxy /usr/bin/cmake --build /home/ubuntu/ros2_ws/src/pumpkin_bot_description/build/pumpkin_bot_description -- -j4 -l4
[0.499s] Invoking command in '/home/ubuntu/ros2_ws/src/pumpkin_bot_description/build/pumpkin_bot_description': CMAKE_PREFIX_PATH=${CMAKE_PREFIX_PATH}:/home/ubuntu/ros2_ws/install/pumpkin_py_pkg:/home/ubuntu/ros2_ws/install/my_py_pkg:/opt/ros/foxy /usr/bin/cmake --install /home/ubuntu/ros2_ws/src/pumpkin_bot_description/build/pumpkin_bot_description
[0.543s] -- Install configuration: ""
[0.549s] -- Up-to-date: /home/ubuntu/ros2_ws/src/pumpkin_bot_description/install/pumpkin_bot_description/share/pumpkin_bot_description/src
[0.552s] -- Up-to-date: /home/ubuntu/ros2_ws/src/pumpkin_bot_description/install/pumpkin_bot_description/share/pumpkin_bot_description/src/description
[0.553s] -- Installing: /home/ubuntu/ros2_ws/src/pumpkin_bot_description/install/pumpkin_bot_description/share/pumpkin_bot_description/src/description/pumpkin_bot_description.urdf
[0.555s] -- Up-to-date: /home/ubuntu/ros2_ws/src/pumpkin_bot_description/install/pumpkin_bot_description/share/pumpkin_bot_description/launch
[0.556s] -- Up-to-date: /home/ubuntu/ros2_ws/src/pumpkin_bot_description/install/pumpkin_bot_description/share/pumpkin_bot_description/launch/display.launch.py
[0.558s] -- Up-to-date: /home/ubuntu/ros2_ws/src/pumpkin_bot_description/install/pumpkin_bot_description/share/pumpkin_bot_description/rviz
[0.561s] -- Up-to-date: /home/ubuntu/ros2_ws/src/pumpkin_bot_description/install/pumpkin_bot_description/share/pumpkin_bot_description/rviz/urdf_config.rviz
[0.563s] -- Up-to-date: /home/ubuntu/ros2_ws/src/pumpkin_bot_description/install/pumpkin_bot_description/share/ament_index/resource_index/package_run_dependencies/pumpkin_bot_description
[0.564s] -- Up-to-date: /home/ubuntu/ros2_ws/src/pumpkin_bot_description/install/pumpkin_bot_description/share/ament_index/resource_index/parent_prefix_path/pumpkin_bot_description
[0.566s] -- Up-to-date: /home/ubuntu/ros2_ws/src/pumpkin_bot_description/install/pumpkin_bot_description/share/pumpkin_bot_description/environment/ament_prefix_path.sh
[0.572s] -- Up-to-date: /home/ubuntu/ros2_ws/src/pumpkin_bot_description/install/pumpkin_bot_description/share/pumpkin_bot_description/environment/ament_prefix_path.dsv
[0.574s] -- Up-to-date: /home/ubuntu/ros2_ws/src/pumpkin_bot_description/install/pumpkin_bot_description/share/pumpkin_bot_description/environment/path.sh
[0.575s] -- Up-to-date: /home/ubuntu/ros2_ws/src/pumpkin_bot_description/install/pumpkin_bot_description/share/pumpkin_bot_description/environment/path.dsv
[0.577s] -- Up-to-date: /home/ubuntu/ros2_ws/src/pumpkin_bot_description/install/pumpkin_bot_description/share/pumpkin_bot_description/local_setup.bash
[0.578s] -- Up-to-date: /home/ubuntu/ros2_ws/src/pumpkin_bot_description/install/pumpkin_bot_description/share/pumpkin_bot_description/local_setup.sh
[0.580s] -- Up-to-date: /home/ubuntu/ros2_ws/src/pumpkin_bot_description/install/pumpkin_bot_description/share/pumpkin_bot_description/local_setup.zsh
[0.581s] -- Up-to-date: /home/ubuntu/ros2_ws/src/pumpkin_bot_description/install/pumpkin_bot_description/share/pumpkin_bot_description/local_setup.dsv
[0.582s] -- Installing: /home/ubuntu/ros2_ws/src/pumpkin_bot_description/install/pumpkin_bot_description/share/pumpkin_bot_description/package.dsv
[0.585s] -- Up-to-date: /home/ubuntu/ros2_ws/src/pumpkin_bot_description/install/pumpkin_bot_description/share/ament_index/resource_index/packages/pumpkin_bot_description
[0.586s] -- Up-to-date: /home/ubuntu/ros2_ws/src/pumpkin_bot_description/install/pumpkin_bot_description/share/pumpkin_bot_description/cmake/pumpkin_bot_descriptionConfig.cmake
[0.588s] -- Up-to-date: /home/ubuntu/ros2_ws/src/pumpkin_bot_description/install/pumpkin_bot_description/share/pumpkin_bot_description/cmake/pumpkin_bot_descriptionConfig-version.cmake
[0.589s] -- Up-to-date: /home/ubuntu/ros2_ws/src/pumpkin_bot_description/install/pumpkin_bot_description/share/pumpkin_bot_description/package.xml
[0.591s] Invoked command in '/home/ubuntu/ros2_ws/src/pumpkin_bot_description/build/pumpkin_bot_description' returned '0': CMAKE_PREFIX_PATH=${CMAKE_PREFIX_PATH}:/home/ubuntu/ros2_ws/install/pumpkin_py_pkg:/home/ubuntu/ros2_ws/install/my_py_pkg:/opt/ros/foxy /usr/bin/cmake --install /home/ubuntu/ros2_ws/src/pumpkin_bot_description/build/pumpkin_bot_description
