/usr/lib/python3/dist-packages/setuptools/dist.py:723: UserWarning: Usage of dash-separated 'script-dir' will not be supported in future versions. Please use the underscore name 'script_dir' instead
  warnings.warn(
/usr/lib/python3/dist-packages/setuptools/dist.py:723: UserWarning: Usage of dash-separated 'install-scripts' will not be supported in future versions. Please use the underscore name 'install_scripts' instead
  warnings.warn(
running egg_info
creating ../build/pumpkin_py_pkg/pumpkin_py_pkg.egg-info
writing ../build/pumpkin_py_pkg/pumpkin_py_pkg.egg-info/PKG-INFO
writing dependency_links to ../build/pumpkin_py_pkg/pumpkin_py_pkg.egg-info/dependency_links.txt
writing entry points to ../build/pumpkin_py_pkg/pumpkin_py_pkg.egg-info/entry_points.txt
writing requirements to ../build/pumpkin_py_pkg/pumpkin_py_pkg.egg-info/requires.txt
writing top-level names to ../build/pumpkin_py_pkg/pumpkin_py_pkg.egg-info/top_level.txt
writing manifest file '../build/pumpkin_py_pkg/pumpkin_py_pkg.egg-info/SOURCES.txt'
reading manifest file '../build/pumpkin_py_pkg/pumpkin_py_pkg.egg-info/SOURCES.txt'
writing manifest file '../build/pumpkin_py_pkg/pumpkin_py_pkg.egg-info/SOURCES.txt'
running build
running build_py
creating /home/ubuntu/ros2_ws/build/pumpkin_py_pkg/build
creating /home/ubuntu/ros2_ws/build/pumpkin_py_pkg/build/lib
creating /home/ubuntu/ros2_ws/build/pumpkin_py_pkg/build/lib/pumpkin_py_pkg
copying pumpkin_py_pkg/__init__.py -> /home/ubuntu/ros2_ws/build/pumpkin_py_pkg/build/lib/pumpkin_py_pkg
copying pumpkin_py_pkg/robot_ui.py -> /home/ubuntu/ros2_ws/build/pumpkin_py_pkg/build/lib/pumpkin_py_pkg
copying pumpkin_py_pkg/pi2_ui.py -> /home/ubuntu/ros2_ws/build/pumpkin_py_pkg/build/lib/pumpkin_py_pkg
running install
/usr/lib/python3/dist-packages/setuptools/command/install.py:34: SetuptoolsDeprecationWarning: setup.py install is deprecated. Use build and pip and other standards-based tools.
  warnings.warn(
running install_lib
creating /home/ubuntu/ros2_ws/install/pumpkin_py_pkg/lib/python3.10/site-packages/pumpkin_py_pkg
copying /home/ubuntu/ros2_ws/build/pumpkin_py_pkg/build/lib/pumpkin_py_pkg/__init__.py -> /home/ubuntu/ros2_ws/install/pumpkin_py_pkg/lib/python3.10/site-packages/pumpkin_py_pkg
copying /home/ubuntu/ros2_ws/build/pumpkin_py_pkg/build/lib/pumpkin_py_pkg/robot_ui.py -> /home/ubuntu/ros2_ws/install/pumpkin_py_pkg/lib/python3.10/site-packages/pumpkin_py_pkg
copying /home/ubuntu/ros2_ws/build/pumpkin_py_pkg/build/lib/pumpkin_py_pkg/pi2_ui.py -> /home/ubuntu/ros2_ws/install/pumpkin_py_pkg/lib/python3.10/site-packages/pumpkin_py_pkg
byte-compiling /home/ubuntu/ros2_ws/install/pumpkin_py_pkg/lib/python3.10/site-packages/pumpkin_py_pkg/__init__.py to __init__.cpython-310.pyc
byte-compiling /home/ubuntu/ros2_ws/install/pumpkin_py_pkg/lib/python3.10/site-packages/pumpkin_py_pkg/robot_ui.py to robot_ui.cpython-310.pyc
byte-compiling /home/ubuntu/ros2_ws/install/pumpkin_py_pkg/lib/python3.10/site-packages/pumpkin_py_pkg/pi2_ui.py to pi2_ui.cpython-310.pyc
running install_data
creating /home/ubuntu/ros2_ws/install/pumpkin_py_pkg/share/ament_index
creating /home/ubuntu/ros2_ws/install/pumpkin_py_pkg/share/ament_index/resource_index
creating /home/ubuntu/ros2_ws/install/pumpkin_py_pkg/share/ament_index/resource_index/packages
copying resource/pumpkin_py_pkg -> /home/ubuntu/ros2_ws/install/pumpkin_py_pkg/share/ament_index/resource_index/packages
copying package.xml -> /home/ubuntu/ros2_ws/install/pumpkin_py_pkg/share/pumpkin_py_pkg
running install_egg_info
Copying ../build/pumpkin_py_pkg/pumpkin_py_pkg.egg-info to /home/ubuntu/ros2_ws/install/pumpkin_py_pkg/lib/python3.10/site-packages/pumpkin_py_pkg-0.0.0-py3.10.egg-info
running install_scripts
Installing pi2_ui script to /home/ubuntu/ros2_ws/install/pumpkin_py_pkg/lib/pumpkin_py_pkg
Installing robot_ui script to /home/ubuntu/ros2_ws/install/pumpkin_py_pkg/lib/pumpkin_py_pkg
writing list of installed files to '/home/ubuntu/ros2_ws/build/pumpkin_py_pkg/install.log'
