[1.282s] DEBUG:colcon:Command line arguments: ['/usr/bin/colcon', 'build']
[1.283s] DEBUG:colcon:Parsed command line arguments: Namespace(ament_cmake_args=None, base_paths=['.'], build_base='build', catkin_cmake_args=None, catkin_skip_building_tests=False, cmake_args=None, cmake_clean_cache=False, cmake_clean_first=False, cmake_force_configure=False, cmake_target=None, cmake_target_skip_unavailable=False, continue_on_error=False, event_handlers=None, executor='parallel', ignore_user_meta=False, install_base='install', log_base=None, log_level=None, main=<bound method BuildVerb.main of <colcon_core.verb.build.BuildVerb object at 0xffff97fb1820>>, merge_install=False, metas=['./colcon.meta'], packages_above=None, packages_above_and_dependencies=None, packages_above_depth=None, packages_end=None, packages_ignore=None, packages_ignore_regex=None, packages_select=None, packages_select_build_failed=False, packages_select_by_dep=None, packages_select_regex=None, packages_select_test_failures=False, packages_skip=None, packages_skip_build_finished=False, packages_skip_by_dep=None, packages_skip_regex=None, packages_skip_test_passed=False, packages_skip_up_to=None, packages_start=None, packages_up_to=None, packages_up_to_regex=None, parallel_workers=4, paths=None, symlink_install=False, test_result_base=None, verb_extension=<colcon_core.verb.build.BuildVerb object at 0xffff97fb1820>, verb_name='build', verb_parser=<colcon_defaults.argument_parser.defaults.DefaultArgumentsDecorator object at 0xffff97fb1d90>)
[1.309s] Level 1:colcon.colcon_core.package_discovery:discover_packages(colcon_meta) check parameters
[1.309s] Level 1:colcon.colcon_core.package_discovery:discover_packages(recursive) check parameters
[1.309s] Level 1:colcon.colcon_core.package_discovery:discover_packages(ignore) check parameters
[1.310s] Level 1:colcon.colcon_core.package_discovery:discover_packages(path) check parameters
[1.310s] Level 1:colcon.colcon_core.package_discovery:discover_packages(colcon_meta) discover
[1.310s] Level 1:colcon.colcon_core.package_discovery:discover_packages(recursive) discover
[1.310s] INFO:colcon.colcon_core.package_discovery:Crawling recursively for packages in '/home/ubuntu/ros2_ws/src/pumpkin_bot_description'
[1.311s] Level 1:colcon.colcon_core.package_identification:_identify(.) by extensions ['ignore', 'ignore_ament_install']
[1.312s] Level 1:colcon.colcon_core.package_identification:_identify(.) by extension 'ignore'
[1.312s] Level 1:colcon.colcon_core.package_identification:_identify(.) by extension 'ignore_ament_install'
[1.312s] Level 1:colcon.colcon_core.package_identification:_identify(.) by extensions ['colcon_pkg']
[1.313s] Level 1:colcon.colcon_core.package_identification:_identify(.) by extension 'colcon_pkg'
[1.313s] Level 1:colcon.colcon_core.package_identification:_identify(.) by extensions ['colcon_meta']
[1.313s] Level 1:colcon.colcon_core.package_identification:_identify(.) by extension 'colcon_meta'
[1.313s] Level 1:colcon.colcon_core.package_identification:_identify(.) by extensions ['ros']
[1.314s] Level 1:colcon.colcon_core.package_identification:_identify(.) by extension 'ros'
[1.372s] DEBUG:colcon.colcon_core.package_identification:Package '.' with type 'ros.ament_cmake' and name 'pumpkin_bot_description'
[1.373s] Level 1:colcon.colcon_core.package_discovery:discover_packages(recursive) using defaults
[1.373s] Level 1:colcon.colcon_core.package_discovery:discover_packages(ignore) discover
[1.373s] Level 1:colcon.colcon_core.package_discovery:discover_packages(ignore) using defaults
[1.373s] Level 1:colcon.colcon_core.package_discovery:discover_packages(path) discover
[1.374s] Level 1:colcon.colcon_core.package_discovery:discover_packages(path) using defaults
[1.452s] Level 5:colcon.colcon_core.verb:set package 'pumpkin_bot_description' build argument 'cmake_args' from command line to 'None'
[1.452s] Level 5:colcon.colcon_core.verb:set package 'pumpkin_bot_description' build argument 'cmake_target' from command line to 'None'
[1.453s] Level 5:colcon.colcon_core.verb:set package 'pumpkin_bot_description' build argument 'cmake_target_skip_unavailable' from command line to 'False'
[1.453s] Level 5:colcon.colcon_core.verb:set package 'pumpkin_bot_description' build argument 'cmake_clean_cache' from command line to 'False'
[1.453s] Level 5:colcon.colcon_core.verb:set package 'pumpkin_bot_description' build argument 'cmake_clean_first' from command line to 'False'
[1.453s] Level 5:colcon.colcon_core.verb:set package 'pumpkin_bot_description' build argument 'cmake_force_configure' from command line to 'False'
[1.453s] Level 5:colcon.colcon_core.verb:set package 'pumpkin_bot_description' build argument 'ament_cmake_args' from command line to 'None'
[1.453s] Level 5:colcon.colcon_core.verb:set package 'pumpkin_bot_description' build argument 'catkin_cmake_args' from command line to 'None'
[1.454s] Level 5:colcon.colcon_core.verb:set package 'pumpkin_bot_description' build argument 'catkin_skip_building_tests' from command line to 'False'
[1.454s] DEBUG:colcon.colcon_core.verb:Building package 'pumpkin_bot_description' with the following arguments: {'ament_cmake_args': None, 'build_base': '/home/ubuntu/ros2_ws/src/pumpkin_bot_description/build/pumpkin_bot_description', 'catkin_cmake_args': None, 'catkin_skip_building_tests': False, 'cmake_args': None, 'cmake_clean_cache': False, 'cmake_clean_first': False, 'cmake_force_configure': False, 'cmake_target': None, 'cmake_target_skip_unavailable': False, 'install_base': '/home/ubuntu/ros2_ws/src/pumpkin_bot_description/install/pumpkin_bot_description', 'merge_install': False, 'path': '/home/ubuntu/ros2_ws/src/pumpkin_bot_description', 'symlink_install': False, 'test_result_base': None}
[1.456s] INFO:colcon.colcon_core.executor:Executing jobs using 'parallel' executor
[1.464s] DEBUG:colcon.colcon_parallel_executor.executor.parallel:run_until_complete
[1.465s] INFO:colcon.colcon_ros.task.ament_cmake.build:Building ROS package in '/home/ubuntu/ros2_ws/src/pumpkin_bot_description' with build type 'ament_cmake'
[1.466s] INFO:colcon.colcon_cmake.task.cmake.build:Building CMake package in '/home/ubuntu/ros2_ws/src/pumpkin_bot_description'
[1.483s] INFO:colcon.colcon_core.plugin_system:Skipping extension 'colcon_core.shell.bat': Not used on non-Windows systems
[1.487s] INFO:colcon.colcon_core.shell:Skip shell extension 'powershell' for command environment: Not usable outside of PowerShell
[1.488s] DEBUG:colcon.colcon_core.shell:Skip shell extension 'dsv' for command environment
[1.511s] DEBUG:colcon.colcon_core.shell:Ignoring prefix path '/opt/ros/foxy'
[1.551s] DEBUG:colcon.colcon_core.event_handler.log_command:Invoking command in '/home/ubuntu/ros2_ws/src/pumpkin_bot_description/build/pumpkin_bot_description': CMAKE_PREFIX_PATH=${CMAKE_PREFIX_PATH}:/home/ubuntu/ros2_ws/install/pumpkin_py_pkg:/home/ubuntu/ros2_ws/install/my_py_pkg:/opt/ros/foxy /usr/bin/cmake --build /home/ubuntu/ros2_ws/src/pumpkin_bot_description/build/pumpkin_bot_description -- -j4 -l4
[1.781s] DEBUG:colcon.colcon_core.event_handler.log_command:Invoked command in '/home/ubuntu/ros2_ws/src/pumpkin_bot_description/build/pumpkin_bot_description' returned '0': CMAKE_PREFIX_PATH=${CMAKE_PREFIX_PATH}:/home/ubuntu/ros2_ws/install/pumpkin_py_pkg:/home/ubuntu/ros2_ws/install/my_py_pkg:/opt/ros/foxy /usr/bin/cmake --build /home/ubuntu/ros2_ws/src/pumpkin_bot_description/build/pumpkin_bot_description -- -j4 -l4
[1.967s] DEBUG:colcon.colcon_core.event_handler.log_command:Invoking command in '/home/ubuntu/ros2_ws/src/pumpkin_bot_description/build/pumpkin_bot_description': CMAKE_PREFIX_PATH=${CMAKE_PREFIX_PATH}:/home/ubuntu/ros2_ws/install/pumpkin_py_pkg:/home/ubuntu/ros2_ws/install/my_py_pkg:/opt/ros/foxy /usr/bin/cmake --install /home/ubuntu/ros2_ws/src/pumpkin_bot_description/build/pumpkin_bot_description
[2.048s] Level 1:colcon.colcon_core.environment:create_environment_scripts_only(pumpkin_bot_description)
[2.064s] DEBUG:colcon.colcon_core.event_handler.log_command:Invoked command in '/home/ubuntu/ros2_ws/src/pumpkin_bot_description/build/pumpkin_bot_description' returned '0': CMAKE_PREFIX_PATH=${CMAKE_PREFIX_PATH}:/home/ubuntu/ros2_ws/install/pumpkin_py_pkg:/home/ubuntu/ros2_ws/install/my_py_pkg:/opt/ros/foxy /usr/bin/cmake --install /home/ubuntu/ros2_ws/src/pumpkin_bot_description/build/pumpkin_bot_description
[2.100s] Level 1:colcon.colcon_core.environment:checking '/home/ubuntu/ros2_ws/src/pumpkin_bot_description/install/pumpkin_bot_description' for CMake module files
[2.108s] Level 1:colcon.colcon_core.environment:checking '/home/ubuntu/ros2_ws/src/pumpkin_bot_description/install/pumpkin_bot_description' for CMake config files
[2.109s] Level 1:colcon.colcon_core.shell:create_environment_hook('pumpkin_bot_description', 'cmake_prefix_path')
[2.113s] INFO:colcon.colcon_core.shell:Creating environment hook '/home/ubuntu/ros2_ws/src/pumpkin_bot_description/install/pumpkin_bot_description/share/pumpkin_bot_description/hook/cmake_prefix_path.ps1'
[2.117s] INFO:colcon.colcon_core.shell:Creating environment descriptor '/home/ubuntu/ros2_ws/src/pumpkin_bot_description/install/pumpkin_bot_description/share/pumpkin_bot_description/hook/cmake_prefix_path.dsv'
[2.120s] INFO:colcon.colcon_core.shell:Creating environment hook '/home/ubuntu/ros2_ws/src/pumpkin_bot_description/install/pumpkin_bot_description/share/pumpkin_bot_description/hook/cmake_prefix_path.sh'
[2.127s] Level 1:colcon.colcon_core.environment:checking '/home/ubuntu/ros2_ws/src/pumpkin_bot_description/install/pumpkin_bot_description/bin'
[2.130s] Level 1:colcon.colcon_core.environment:checking '/home/ubuntu/ros2_ws/src/pumpkin_bot_description/install/pumpkin_bot_description/lib/pkgconfig/pumpkin_bot_description.pc'
[2.134s] Level 1:colcon.colcon_core.environment:checking '/home/ubuntu/ros2_ws/src/pumpkin_bot_description/install/pumpkin_bot_description/lib/python3.8/site-packages'
[2.141s] INFO:colcon.colcon_core.shell:Creating package script '/home/ubuntu/ros2_ws/src/pumpkin_bot_description/install/pumpkin_bot_description/share/pumpkin_bot_description/package.ps1'
[2.146s] INFO:colcon.colcon_core.shell:Creating package descriptor '/home/ubuntu/ros2_ws/src/pumpkin_bot_description/install/pumpkin_bot_description/share/pumpkin_bot_description/package.dsv'
[2.149s] INFO:colcon.colcon_core.shell:Creating package script '/home/ubuntu/ros2_ws/src/pumpkin_bot_description/install/pumpkin_bot_description/share/pumpkin_bot_description/package.sh'
[2.153s] INFO:colcon.colcon_core.shell:Creating package script '/home/ubuntu/ros2_ws/src/pumpkin_bot_description/install/pumpkin_bot_description/share/pumpkin_bot_description/package.bash'
[2.157s] INFO:colcon.colcon_core.shell:Creating package script '/home/ubuntu/ros2_ws/src/pumpkin_bot_description/install/pumpkin_bot_description/share/pumpkin_bot_description/package.zsh'
[2.161s] Level 1:colcon.colcon_core.environment:create_file_with_runtime_dependencies(/home/ubuntu/ros2_ws/src/pumpkin_bot_description/install/pumpkin_bot_description/share/colcon-core/packages/pumpkin_bot_description)
[2.294s] Level 1:colcon.colcon_core.environment:create_environment_scripts_only(pumpkin_bot_description)
[2.298s] Level 1:colcon.colcon_core.environment:checking '/home/ubuntu/ros2_ws/src/pumpkin_bot_description/install/pumpkin_bot_description' for CMake module files
[2.302s] Level 1:colcon.colcon_core.environment:checking '/home/ubuntu/ros2_ws/src/pumpkin_bot_description/install/pumpkin_bot_description' for CMake config files
[2.304s] Level 1:colcon.colcon_core.shell:create_environment_hook('pumpkin_bot_description', 'cmake_prefix_path')
[2.306s] INFO:colcon.colcon_core.shell:Creating environment hook '/home/ubuntu/ros2_ws/src/pumpkin_bot_description/install/pumpkin_bot_description/share/pumpkin_bot_description/hook/cmake_prefix_path.ps1'
[2.309s] INFO:colcon.colcon_core.shell:Creating environment descriptor '/home/ubuntu/ros2_ws/src/pumpkin_bot_description/install/pumpkin_bot_description/share/pumpkin_bot_description/hook/cmake_prefix_path.dsv'
[2.312s] INFO:colcon.colcon_core.shell:Creating environment hook '/home/ubuntu/ros2_ws/src/pumpkin_bot_description/install/pumpkin_bot_description/share/pumpkin_bot_description/hook/cmake_prefix_path.sh'
[2.315s] Level 1:colcon.colcon_core.environment:checking '/home/ubuntu/ros2_ws/src/pumpkin_bot_description/install/pumpkin_bot_description/bin'
[2.315s] Level 1:colcon.colcon_core.environment:checking '/home/ubuntu/ros2_ws/src/pumpkin_bot_description/install/pumpkin_bot_description/lib/pkgconfig/pumpkin_bot_description.pc'
[2.316s] Level 1:colcon.colcon_core.environment:checking '/home/ubuntu/ros2_ws/src/pumpkin_bot_description/install/pumpkin_bot_description/lib/python3.8/site-packages'
[2.319s] INFO:colcon.colcon_core.shell:Creating package script '/home/ubuntu/ros2_ws/src/pumpkin_bot_description/install/pumpkin_bot_description/share/pumpkin_bot_description/package.ps1'
[2.322s] INFO:colcon.colcon_core.shell:Creating package descriptor '/home/ubuntu/ros2_ws/src/pumpkin_bot_description/install/pumpkin_bot_description/share/pumpkin_bot_description/package.dsv'
[2.327s] INFO:colcon.colcon_core.shell:Creating package script '/home/ubuntu/ros2_ws/src/pumpkin_bot_description/install/pumpkin_bot_description/share/pumpkin_bot_description/package.sh'
[2.330s] INFO:colcon.colcon_core.shell:Creating package script '/home/ubuntu/ros2_ws/src/pumpkin_bot_description/install/pumpkin_bot_description/share/pumpkin_bot_description/package.bash'
[2.333s] INFO:colcon.colcon_core.shell:Creating package script '/home/ubuntu/ros2_ws/src/pumpkin_bot_description/install/pumpkin_bot_description/share/pumpkin_bot_description/package.zsh'
[2.335s] Level 1:colcon.colcon_core.environment:create_file_with_runtime_dependencies(/home/ubuntu/ros2_ws/src/pumpkin_bot_description/install/pumpkin_bot_description/share/colcon-core/packages/pumpkin_bot_description)
[2.337s] DEBUG:colcon.colcon_parallel_executor.executor.parallel:closing loop
[2.339s] DEBUG:colcon.colcon_parallel_executor.executor.parallel:loop closed
[2.340s] DEBUG:colcon.colcon_parallel_executor.executor.parallel:run_until_complete finished with '0'
[2.340s] DEBUG:colcon.colcon_core.event_reactor:joining thread
[2.378s] INFO:colcon.colcon_core.plugin_system:Skipping extension 'colcon_notification.desktop_notification.terminal_notifier': Not used on non-Darwin systems
[2.379s] INFO:colcon.colcon_core.plugin_system:Skipping extension 'colcon_notification.desktop_notification.win32': Not used on non-Windows systems
[2.379s] INFO:colcon.colcon_notification.desktop_notification:Sending desktop notification using 'notify2'
[2.447s] DEBUG:colcon.colcon_core.event_reactor:joined thread
[2.450s] INFO:colcon.colcon_core.shell:Creating prefix script '/home/ubuntu/ros2_ws/src/pumpkin_bot_description/install/local_setup.ps1'
[2.455s] INFO:colcon.colcon_core.shell:Creating prefix util module '/home/ubuntu/ros2_ws/src/pumpkin_bot_description/install/_local_setup_util_ps1.py'
[2.463s] INFO:colcon.colcon_core.shell:Creating prefix chain script '/home/ubuntu/ros2_ws/src/pumpkin_bot_description/install/setup.ps1'
[2.496s] INFO:colcon.colcon_core.shell:Creating prefix script '/home/ubuntu/ros2_ws/src/pumpkin_bot_description/install/local_setup.sh'
[2.505s] INFO:colcon.colcon_core.shell:Creating prefix util module '/home/ubuntu/ros2_ws/src/pumpkin_bot_description/install/_local_setup_util_sh.py'
[2.512s] INFO:colcon.colcon_core.shell:Creating prefix chain script '/home/ubuntu/ros2_ws/src/pumpkin_bot_description/install/setup.sh'
[2.538s] INFO:colcon.colcon_core.shell:Creating prefix script '/home/ubuntu/ros2_ws/src/pumpkin_bot_description/install/local_setup.bash'
[2.542s] INFO:colcon.colcon_core.shell:Creating prefix chain script '/home/ubuntu/ros2_ws/src/pumpkin_bot_description/install/setup.bash'
[2.560s] INFO:colcon.colcon_core.shell:Creating prefix script '/home/ubuntu/ros2_ws/src/pumpkin_bot_description/install/local_setup.zsh'
[2.563s] INFO:colcon.colcon_core.shell:Creating prefix chain script '/home/ubuntu/ros2_ws/src/pumpkin_bot_description/install/setup.zsh'
